2021-01-16 19:29:59,948 [Worker-2: Loading available Gradle versions] INFO  o.e.b.c.i.u.g.PublishedGradleVersions - Gradle version information cache is up-to-date. Trying to read.
2021-01-16 19:51:12,207 [Worker-19: Building] INFO  o.e.m.c.i.l.LifecycleMappingFactory - Using org.eclipse.m2e.jdt.JarLifecycleMapping lifecycle mapping for MavenProject: br.com.caelum:livraria-base:0.0.1-SNAPSHOT @ C:\Users\Sandro\workspace\APIsBibliotecasJava\arquivos-do-livro\livraria-base\pom.xml.
2021-01-16 19:51:13,372 [Worker-19: Building] INFO  o.e.m.c.i.embedder.EclipseLogger - Using 'UTF-8' encoding to copy filtered resources.
2021-01-16 19:51:13,373 [Worker-19: Building] INFO  o.e.m.c.i.embedder.EclipseLogger - skip non existing resourceDirectory C:\Users\Sandro\workspace\APIsBibliotecasJava\arquivos-do-livro\livraria-base\src\main\resources
2021-01-16 19:51:13,376 [Worker-19: Building] INFO  o.e.m.c.i.embedder.EclipseLogger - Using 'UTF-8' encoding to copy filtered resources.
2021-01-16 19:51:13,377 [Worker-19: Building] INFO  o.e.m.c.i.embedder.EclipseLogger - skip non existing resourceDirectory C:\Users\Sandro\workspace\APIsBibliotecasJava\arquivos-do-livro\livraria-base\src\test\resources
2021-01-16 19:54:22,618 [Worker-21: Building] INFO  o.e.m.c.i.embedder.EclipseLogger - Using 'UTF-8' encoding to copy filtered resources.
2021-01-16 19:54:22,618 [Worker-21: Building] INFO  o.e.m.c.i.embedder.EclipseLogger - skip non existing resourceDirectory C:\Users\Sandro\workspace\APIsBibliotecasJava\arquivos-do-livro\livraria-base\src\main\resources
2021-01-16 19:54:22,621 [Worker-21: Building] INFO  o.e.m.c.i.embedder.EclipseLogger - Using 'UTF-8' encoding to copy filtered resources.
2021-01-16 19:54:22,621 [Worker-21: Building] INFO  o.e.m.c.i.embedder.EclipseLogger - skip non existing resourceDirectory C:\Users\Sandro\workspace\APIsBibliotecasJava\arquivos-do-livro\livraria-base\src\test\resources
2021-01-16 20:27:58,345 [Worker-40: Building] INFO  o.e.m.c.i.l.LifecycleMappingFactory - Using org.eclipse.m2e.jdt.JarLifecycleMapping lifecycle mapping for MavenProject: br.com.caelum:livraria-base:0.0.1-SNAPSHOT @ C:\Users\Sandro\workspace\APIsBibliotecasJava\arquivos-do-livro\livraria-base\pom.xml.
2021-01-16 20:27:59,157 [Worker-40: Building] INFO  o.e.m.c.i.embedder.EclipseLogger - Using 'UTF-8' encoding to copy filtered resources.
2021-01-16 20:27:59,157 [Worker-40: Building] INFO  o.e.m.c.i.embedder.EclipseLogger - skip non existing resourceDirectory C:\Users\Sandro\workspace\APIsBibliotecasJava\arquivos-do-livro\livraria-base\src\main\resources
2021-01-16 20:27:59,160 [Worker-40: Building] INFO  o.e.m.c.i.embedder.EclipseLogger - Using 'UTF-8' encoding to copy filtered resources.
2021-01-16 20:27:59,160 [Worker-40: Building] INFO  o.e.m.c.i.embedder.EclipseLogger - skip non existing resourceDirectory C:\Users\Sandro\workspace\APIsBibliotecasJava\arquivos-do-livro\livraria-base\src\test\resources
2021-01-17 17:15:07,945 [Worker-1: Loading available Gradle versions] INFO  o.e.b.c.i.u.g.PublishedGradleVersions - Gradle version information cache is out-of-date. Trying to update.
2021-01-18 00:14:16,475 [Worker-179: Building] INFO  o.e.m.c.i.embedder.EclipseLogger - Using 'UTF-8' encoding to copy filtered resources.
2021-01-18 00:14:16,476 [Worker-179: Building] INFO  o.e.m.c.i.embedder.EclipseLogger - skip non existing resourceDirectory C:\Users\Sandro\workspace\APIsBibliotecasJava\arquivos-do-livro\livraria-base\src\main\resources
2021-01-18 00:14:16,479 [Worker-179: Building] INFO  o.e.m.c.i.embedder.EclipseLogger - Using 'UTF-8' encoding to copy filtered resources.
2021-01-18 00:14:16,480 [Worker-179: Building] INFO  o.e.m.c.i.embedder.EclipseLogger - skip non existing resourceDirectory C:\Users\Sandro\workspace\APIsBibliotecasJava\arquivos-do-livro\livraria-base\src\test\resources
2021-01-18 00:14:30,758 [Worker-177: Building] INFO  o.e.m.c.i.embedder.EclipseLogger - Using 'UTF-8' encoding to copy filtered resources.
2021-01-18 00:14:30,759 [Worker-177: Building] INFO  o.e.m.c.i.embedder.EclipseLogger - skip non existing resourceDirectory C:\Users\Sandro\workspace\APIsBibliotecasJava\arquivos-do-livro\livraria-base\src\main\resources
2021-01-18 00:14:30,761 [Worker-177: Building] INFO  o.e.m.c.i.embedder.EclipseLogger - Using 'UTF-8' encoding to copy filtered resources.
2021-01-18 00:14:30,761 [Worker-177: Building] INFO  o.e.m.c.i.embedder.EclipseLogger - skip non existing resourceDirectory C:\Users\Sandro\workspace\APIsBibliotecasJava\arquivos-do-livro\livraria-base\src\test\resources
2021-01-18 01:51:26,398 [Worker-225: Building] INFO  o.e.m.c.i.embedder.EclipseLogger - Using 'UTF-8' encoding to copy filtered resources.
2021-01-18 01:51:26,399 [Worker-225: Building] INFO  o.e.m.c.i.embedder.EclipseLogger - skip non existing resourceDirectory C:\Users\Sandro\workspace\APIsBibliotecasJava\arquivos-do-livro\livraria-base\src\main\resources
2021-01-18 01:51:26,402 [Worker-225: Building] INFO  o.e.m.c.i.embedder.EclipseLogger - Using 'UTF-8' encoding to copy filtered resources.
2021-01-18 01:51:26,403 [Worker-225: Building] INFO  o.e.m.c.i.embedder.EclipseLogger - skip non existing resourceDirectory C:\Users\Sandro\workspace\APIsBibliotecasJava\arquivos-do-livro\livraria-base\src\test\resources
2021-01-18 01:51:29,827 [Worker-228: Building] INFO  o.e.m.c.i.embedder.EclipseLogger - Using 'UTF-8' encoding to copy filtered resources.
2021-01-18 01:51:29,827 [Worker-228: Building] INFO  o.e.m.c.i.embedder.EclipseLogger - skip non existing resourceDirectory C:\Users\Sandro\workspace\APIsBibliotecasJava\arquivos-do-livro\livraria-base\src\main\resources
2021-01-18 01:51:29,829 [Worker-228: Building] INFO  o.e.m.c.i.embedder.EclipseLogger - Using 'UTF-8' encoding to copy filtered resources.
2021-01-18 01:51:29,830 [Worker-228: Building] INFO  o.e.m.c.i.embedder.EclipseLogger - skip non existing resourceDirectory C:\Users\Sandro\workspace\APIsBibliotecasJava\arquivos-do-livro\livraria-base\src\test\resources
2021-01-18 01:51:45,894 [Worker-228: Building] INFO  o.e.m.c.i.embedder.EclipseLogger - Using 'UTF-8' encoding to copy filtered resources.
2021-01-18 01:51:45,894 [Worker-228: Building] INFO  o.e.m.c.i.embedder.EclipseLogger - skip non existing resourceDirectory C:\Users\Sandro\workspace\APIsBibliotecasJava\arquivos-do-livro\livraria-base\src\main\resources
2021-01-18 01:51:45,896 [Worker-228: Building] INFO  o.e.m.c.i.embedder.EclipseLogger - Using 'UTF-8' encoding to copy filtered resources.
2021-01-18 01:51:45,896 [Worker-228: Building] INFO  o.e.m.c.i.embedder.EclipseLogger - skip non existing resourceDirectory C:\Users\Sandro\workspace\APIsBibliotecasJava\arquivos-do-livro\livraria-base\src\test\resources
2021-01-18 02:24:20,232 [Worker-241: Enabling Maven Dependency Management] INFO  o.e.m.c.i.l.LifecycleMappingFactory - Using org.eclipse.m2e.jdt.JarLifecycleMapping lifecycle mapping for MavenProject: livraria-fx:livraria-fx:0.0.1-SNAPSHOT @ C:\Users\Sandro\workspace\APIsBibliotecasJava\livraria-fx\pom.xml.
2021-01-18 02:24:21,695 [Worker-241: Enabling Maven Dependency Management] INFO  o.e.m.j.i.AbstractJavaProjectConfigurator - Adding source folder /livraria-fx/src
2021-01-18 02:24:21,696 [Worker-241: Enabling Maven Dependency Management] INFO  o.e.m.j.i.AbstractJavaProjectConfigurator - Resources folder /livraria-fx/src overlaps with sources folder /livraria-fx/src
2021-01-18 02:24:21,709 [Worker-241: Enabling Maven Dependency Management] INFO  o.e.m.j.i.AbstractJavaProjectConfigurator - Not adding source folder /livraria-fx/src/test/java because it overlaps with /livraria-fx/src
2021-01-18 02:24:22,343 [Worker-241: Enabling Maven Dependency Management] INFO  o.e.m.c.i.p.ProjectConfigurationManager - Update started
2021-01-18 02:24:23,809 [Worker-241: Enabling Maven Dependency Management] INFO  o.e.m.c.i.l.LifecycleMappingFactory - Using org.eclipse.m2e.jdt.JarLifecycleMapping lifecycle mapping for MavenProject: livraria-fx:livraria-fx:0.0.1-SNAPSHOT @ C:\Users\Sandro\workspace\APIsBibliotecasJava\livraria-fx\pom.xml.
2021-01-18 02:24:24,196 [Worker-241: Enabling Maven Dependency Management] INFO  o.e.m.j.i.AbstractJavaProjectConfigurator - Adding source folder /livraria-fx/src
2021-01-18 02:24:24,197 [Worker-241: Enabling Maven Dependency Management] INFO  o.e.m.j.i.AbstractJavaProjectConfigurator - Resources folder /livraria-fx/src overlaps with sources folder /livraria-fx/src
2021-01-18 02:24:24,216 [Worker-241: Enabling Maven Dependency Management] INFO  o.e.m.j.i.AbstractJavaProjectConfigurator - Not adding source folder /livraria-fx/src/test/java because it overlaps with /livraria-fx/src
2021-01-18 02:24:24,701 [Worker-241: Enabling Maven Dependency Management] INFO  o.e.m.c.i.p.ProjectConfigurationManager - Update completed: 2 sec
2021-01-18 02:24:27,317 [Worker-244: Building] WARN  o.e.m.c.i.embedder.EclipseLogger - Using platform encoding (Cp1252 actually) to copy filtered resources, i.e. build is platform dependent!
2021-01-18 02:24:27,352 [Worker-244: Building] INFO  o.e.m.c.i.embedder.EclipseLogger - Copying 1 resource
2021-01-18 02:24:27,374 [Worker-244: Building] WARN  o.e.m.c.i.embedder.EclipseLogger - Using platform encoding (Cp1252 actually) to copy filtered resources, i.e. build is platform dependent!
2021-01-18 02:24:27,384 [Worker-244: Building] INFO  o.e.m.c.i.embedder.EclipseLogger - skip non existing resourceDirectory C:\Users\Sandro\workspace\APIsBibliotecasJava\livraria-fx\src\test\resources
2021-01-18 02:26:24,379 [Worker-242: Building] WARN  o.e.m.c.i.embedder.EclipseLogger - Using platform encoding (Cp1252 actually) to copy filtered resources, i.e. build is platform dependent!
2021-01-18 02:26:24,414 [Worker-242: Building] INFO  o.e.m.c.i.embedder.EclipseLogger - Copying 1 resource
2021-01-18 02:26:24,419 [Worker-242: Building] WARN  o.e.m.c.i.embedder.EclipseLogger - Using platform encoding (Cp1252 actually) to copy filtered resources, i.e. build is platform dependent!
2021-01-18 02:26:24,427 [Worker-242: Building] INFO  o.e.m.c.i.embedder.EclipseLogger - skip non existing resourceDirectory C:\Users\Sandro\workspace\APIsBibliotecasJava\livraria-fx\src\test\resources
2021-01-18 02:27:37,981 [Worker-243: Building] INFO  o.e.m.c.i.l.LifecycleMappingFactory - Using org.eclipse.m2e.jdt.JarLifecycleMapping lifecycle mapping for MavenProject: livraria-fx:livraria-fx:0.0.1-SNAPSHOT @ C:\Users\Sandro\workspace\APIsBibliotecasJava\livraria-fx\pom.xml.
2021-01-18 02:27:37,996 [Worker-243: Building] WARN  o.e.m.c.i.embedder.EclipseLogger - The POM for br.com.caelum.livraria:livraria-base:jar:1.0.0-SNAPSHOT is missing, no dependency information available
2021-01-18 02:27:38,131 [Worker-243: Building] WARN  o.e.m.c.i.embedder.EclipseLogger - Using platform encoding (Cp1252 actually) to copy filtered resources, i.e. build is platform dependent!
2021-01-18 02:27:38,140 [Worker-243: Building] INFO  o.e.m.c.i.embedder.EclipseLogger - Copying 0 resource
2021-01-18 02:27:38,142 [Worker-243: Building] WARN  o.e.m.c.i.embedder.EclipseLogger - Using platform encoding (Cp1252 actually) to copy filtered resources, i.e. build is platform dependent!
2021-01-18 02:27:38,150 [Worker-243: Building] INFO  o.e.m.c.i.embedder.EclipseLogger - skip non existing resourceDirectory C:\Users\Sandro\workspace\APIsBibliotecasJava\livraria-fx\src\test\resources
2021-01-18 02:27:39,164 [Worker-248: Download sources and javadoc] WARN  o.e.m.c.i.embedder.EclipseLogger - The POM for br.com.caelum.livraria:livraria-base:jar:1.0.0-SNAPSHOT is missing, no dependency information available
2021-01-18 02:27:39,250 [Worker-248: Download sources and javadoc] ERROR o.e.m.j.internal.DownloadSourcesJob - Could not download sources for br.com.caelum.livraria:livraria-base:1.0.0-SNAPSHOT
org.eclipse.core.runtime.CoreException: Could not resolve artifact br.com.caelum.livraria:livraria-base:jar:sources:1.0.0-SNAPSHOT
	at org.eclipse.m2e.core.internal.embedder.MavenImpl.lambda$4(MavenImpl.java:803) ~[na:na]
	at org.eclipse.m2e.core.internal.embedder.MavenExecutionContext.executeBare(MavenExecutionContext.java:179) ~[na:na]
	at org.eclipse.m2e.core.internal.embedder.MavenExecutionContext.execute(MavenExecutionContext.java:114) ~[na:na]
	at org.eclipse.m2e.core.internal.embedder.MavenExecutionContext.execute(MavenExecutionContext.java:101) ~[na:na]
	at org.eclipse.m2e.core.internal.embedder.MavenImpl.resolve(MavenImpl.java:771) ~[na:na]
	at org.eclipse.m2e.core.internal.embedder.MavenImpl.resolve(MavenImpl.java:748) ~[na:na]
	at org.eclipse.m2e.jdt.internal.DownloadSourcesJob.download(DownloadSourcesJob.java:330) ~[na:na]
	at org.eclipse.m2e.jdt.internal.DownloadSourcesJob.downloadAttachments(DownloadSourcesJob.java:304) ~[na:na]
	at org.eclipse.m2e.jdt.internal.DownloadSourcesJob.downloadMaven(DownloadSourcesJob.java:269) ~[na:na]
	at org.eclipse.m2e.jdt.internal.DownloadSourcesJob.downloadFilesAndPopulateToUpdate(DownloadSourcesJob.java:233) ~[na:na]
	at org.eclipse.m2e.jdt.internal.DownloadSourcesJob.lambda$0(DownloadSourcesJob.java:161) ~[na:na]
	at org.eclipse.m2e.core.internal.embedder.MavenExecutionContext.executeBare(MavenExecutionContext.java:179) ~[na:na]
	at org.eclipse.m2e.core.internal.embedder.MavenExecutionContext.execute(MavenExecutionContext.java:153) ~[na:na]
	at org.eclipse.m2e.core.internal.embedder.MavenExecutionContext.execute(MavenExecutionContext.java:101) ~[na:na]
	at org.eclipse.m2e.core.internal.embedder.MavenImpl.execute(MavenImpl.java:1373) ~[na:na]
	at org.eclipse.m2e.jdt.internal.DownloadSourcesJob.run(DownloadSourcesJob.java:161) ~[na:na]
	at org.eclipse.core.internal.jobs.Worker.run(Worker.java:63) ~[org.eclipse.core.jobs_3.10.700.v20200106-1020.jar:na]
2021-01-18 02:28:11,314 [Worker-247: Building] INFO  o.e.m.c.i.l.LifecycleMappingFactory - Using org.eclipse.m2e.jdt.JarLifecycleMapping lifecycle mapping for MavenProject: livraria-fx:livraria-fx:0.0.1-SNAPSHOT @ C:\Users\Sandro\workspace\APIsBibliotecasJava\livraria-fx\pom.xml.
2021-01-18 02:28:11,317 [Worker-247: Building] WARN  o.e.m.c.i.embedder.EclipseLogger - The POM for br.com.caelum.livraria:livraria-base:jar:1.0.0-SNAPSHOT is missing, no dependency information available
2021-01-18 02:28:11,439 [Worker-247: Building] WARN  o.e.m.c.i.embedder.EclipseLogger - Using platform encoding (Cp1252 actually) to copy filtered resources, i.e. build is platform dependent!
2021-01-18 02:28:11,450 [Worker-247: Building] INFO  o.e.m.c.i.embedder.EclipseLogger - Copying 0 resource
2021-01-18 02:28:11,452 [Worker-247: Building] WARN  o.e.m.c.i.embedder.EclipseLogger - Using platform encoding (Cp1252 actually) to copy filtered resources, i.e. build is platform dependent!
2021-01-18 02:28:11,463 [Worker-247: Building] INFO  o.e.m.c.i.embedder.EclipseLogger - skip non existing resourceDirectory C:\Users\Sandro\workspace\APIsBibliotecasJava\livraria-fx\src\test\resources
2021-01-18 02:28:12,472 [Worker-247: Download sources and javadoc] WARN  o.e.m.c.i.embedder.EclipseLogger - The POM for br.com.caelum.livraria:livraria-base:jar:1.0.0-SNAPSHOT is missing, no dependency information available
2021-01-18 02:28:12,500 [Worker-247: Download sources and javadoc] ERROR o.e.m.j.internal.DownloadSourcesJob - Could not download javadoc for br.com.caelum.livraria:livraria-base:1.0.0-SNAPSHOT
org.eclipse.core.runtime.CoreException: Could not resolve artifact br.com.caelum.livraria:livraria-base:jar:javadoc:1.0.0-SNAPSHOT
	at org.eclipse.m2e.core.internal.embedder.MavenImpl.lambda$4(MavenImpl.java:803) ~[na:na]
	at org.eclipse.m2e.core.internal.embedder.MavenExecutionContext.executeBare(MavenExecutionContext.java:179) ~[na:na]
	at org.eclipse.m2e.core.internal.embedder.MavenExecutionContext.execute(MavenExecutionContext.java:114) ~[na:na]
	at org.eclipse.m2e.core.internal.embedder.MavenExecutionContext.execute(MavenExecutionContext.java:101) ~[na:na]
	at org.eclipse.m2e.core.internal.embedder.MavenImpl.resolve(MavenImpl.java:771) ~[na:na]
	at org.eclipse.m2e.core.internal.embedder.MavenImpl.resolve(MavenImpl.java:748) ~[na:na]
	at org.eclipse.m2e.jdt.internal.DownloadSourcesJob.download(DownloadSourcesJob.java:330) ~[na:na]
	at org.eclipse.m2e.jdt.internal.DownloadSourcesJob.downloadAttachments(DownloadSourcesJob.java:316) ~[na:na]
	at org.eclipse.m2e.jdt.internal.DownloadSourcesJob.downloadMaven(DownloadSourcesJob.java:269) ~[na:na]
	at org.eclipse.m2e.jdt.internal.DownloadSourcesJob.downloadFilesAndPopulateToUpdate(DownloadSourcesJob.java:233) ~[na:na]
	at org.eclipse.m2e.jdt.internal.DownloadSourcesJob.lambda$0(DownloadSourcesJob.java:161) ~[na:na]
	at org.eclipse.m2e.core.internal.embedder.MavenExecutionContext.executeBare(MavenExecutionContext.java:179) ~[na:na]
	at org.eclipse.m2e.core.internal.embedder.MavenExecutionContext.execute(MavenExecutionContext.java:153) ~[na:na]
	at org.eclipse.m2e.core.internal.embedder.MavenExecutionContext.execute(MavenExecutionContext.java:101) ~[na:na]
	at org.eclipse.m2e.core.internal.embedder.MavenImpl.execute(MavenImpl.java:1373) ~[na:na]
	at org.eclipse.m2e.jdt.internal.DownloadSourcesJob.run(DownloadSourcesJob.java:161) ~[na:na]
	at org.eclipse.core.internal.jobs.Worker.run(Worker.java:63) ~[org.eclipse.core.jobs_3.10.700.v20200106-1020.jar:na]
2021-01-18 02:29:30,374 [Worker-251: Building] INFO  o.e.m.c.i.l.LifecycleMappingFactory - Using org.eclipse.m2e.jdt.JarLifecycleMapping lifecycle mapping for MavenProject: livraria-fx:livraria-fx:0.0.1-SNAPSHOT @ C:\Users\Sandro\workspace\APIsBibliotecasJava\livraria-fx\pom.xml.
2021-01-18 02:29:30,377 [Worker-251: Building] WARN  o.e.m.c.i.embedder.EclipseLogger - The POM for br.com.caelum.livraria:livraria-base:jar:1.0.0-SNAPSHOT is missing, no dependency information available
2021-01-18 02:29:30,586 [Worker-251: Building] WARN  o.e.m.c.i.embedder.EclipseLogger - Using platform encoding (Cp1252 actually) to copy filtered resources, i.e. build is platform dependent!
2021-01-18 02:29:30,611 [Worker-251: Building] INFO  o.e.m.c.i.embedder.EclipseLogger - Copying 0 resource
2021-01-18 02:29:30,614 [Worker-251: Building] WARN  o.e.m.c.i.embedder.EclipseLogger - Using platform encoding (Cp1252 actually) to copy filtered resources, i.e. build is platform dependent!
2021-01-18 02:29:30,633 [Worker-251: Building] INFO  o.e.m.c.i.embedder.EclipseLogger - skip non existing resourceDirectory C:\Users\Sandro\workspace\APIsBibliotecasJava\livraria-fx\src\test\resources
2021-01-18 02:31:25,584 [Worker-253: Building] INFO  o.e.m.c.i.l.LifecycleMappingFactory - Using org.eclipse.m2e.jdt.JarLifecycleMapping lifecycle mapping for MavenProject: livraria-fx:livraria-fx:0.0.1-SNAPSHOT @ C:\Users\Sandro\workspace\APIsBibliotecasJava\livraria-fx\pom.xml.
2021-01-18 02:31:25,586 [Worker-253: Building] WARN  o.e.m.c.i.embedder.EclipseLogger - The POM for br.com.caelum.livraria:livraria-base:jar:1.0.0-SNAPSHOT is missing, no dependency information available
2021-01-18 02:31:26,053 [Worker-253: Building] WARN  o.e.m.c.i.embedder.EclipseLogger - Using platform encoding (Cp1252 actually) to copy filtered resources, i.e. build is platform dependent!
2021-01-18 02:31:26,066 [Worker-253: Building] INFO  o.e.m.c.i.embedder.EclipseLogger - Copying 1 resource
2021-01-18 02:31:26,071 [Worker-253: Building] WARN  o.e.m.c.i.embedder.EclipseLogger - Using platform encoding (Cp1252 actually) to copy filtered resources, i.e. build is platform dependent!
2021-01-18 02:31:26,080 [Worker-253: Building] INFO  o.e.m.c.i.embedder.EclipseLogger - skip non existing resourceDirectory C:\Users\Sandro\workspace\APIsBibliotecasJava\livraria-fx\src\test\resources
2021-01-18 02:31:30,192 [Worker-252: Building] WARN  o.e.m.c.i.embedder.EclipseLogger - The POM for br.com.caelum.livraria:livraria-base:jar:1.0.0-SNAPSHOT is missing, no dependency information available
2021-01-18 02:31:30,209 [Worker-252: Building] WARN  o.e.m.c.i.embedder.EclipseLogger - Using platform encoding (Cp1252 actually) to copy filtered resources, i.e. build is platform dependent!
2021-01-18 02:31:30,225 [Worker-252: Building] INFO  o.e.m.c.i.embedder.EclipseLogger - Copying 0 resource
2021-01-18 02:31:30,228 [Worker-252: Building] WARN  o.e.m.c.i.embedder.EclipseLogger - Using platform encoding (Cp1252 actually) to copy filtered resources, i.e. build is platform dependent!
2021-01-18 02:31:30,240 [Worker-252: Building] INFO  o.e.m.c.i.embedder.EclipseLogger - skip non existing resourceDirectory C:\Users\Sandro\workspace\APIsBibliotecasJava\livraria-fx\src\test\resources
2021-01-18 02:32:10,120 [Worker-243: Building] INFO  o.e.m.c.i.l.LifecycleMappingFactory - Using org.eclipse.m2e.jdt.JarLifecycleMapping lifecycle mapping for MavenProject: br.com.casadocodigo:livraria-fx:0.0.1-SNAPSHOT @ C:\Users\Sandro\workspace\APIsBibliotecasJava\livraria-fx\pom.xml.
2021-01-18 02:32:10,121 [Worker-243: Building] WARN  o.e.m.c.i.embedder.EclipseLogger - The POM for br.com.caelum.livraria:livraria-base:jar:1.0.0-SNAPSHOT is missing, no dependency information available
2021-01-18 02:32:10,548 [Worker-243: Building] WARN  o.e.m.c.i.embedder.EclipseLogger - Using platform encoding (Cp1252 actually) to copy filtered resources, i.e. build is platform dependent!
2021-01-18 02:32:10,559 [Worker-243: Building] INFO  o.e.m.c.i.embedder.EclipseLogger - Copying 0 resource
2021-01-18 02:32:10,560 [Worker-243: Building] WARN  o.e.m.c.i.embedder.EclipseLogger - Using platform encoding (Cp1252 actually) to copy filtered resources, i.e. build is platform dependent!
2021-01-18 02:32:10,569 [Worker-243: Building] INFO  o.e.m.c.i.embedder.EclipseLogger - skip non existing resourceDirectory C:\Users\Sandro\workspace\APIsBibliotecasJava\livraria-fx\src\test\resources
2021-01-18 02:34:07,037 [Worker-247: Updating Maven Project] INFO  o.e.m.c.i.p.ProjectConfigurationManager - Update started
2021-01-18 02:34:07,521 [Worker-247: Updating Maven Project] INFO  o.e.m.c.i.l.LifecycleMappingFactory - Using org.eclipse.m2e.jdt.JarLifecycleMapping lifecycle mapping for MavenProject: br.com.casadocodigo:livraria-fx:0.0.1-SNAPSHOT @ C:\Users\Sandro\workspace\APIsBibliotecasJava\livraria-fx\pom.xml.
2021-01-18 02:34:07,523 [Worker-247: Updating Maven Project] WARN  o.e.m.c.i.embedder.EclipseLogger - The POM for br.com.caelum.livraria:livraria-base:jar:1.0.0-SNAPSHOT is missing, no dependency information available
2021-01-18 02:34:07,678 [Worker-247: Updating Maven Project] INFO  o.e.m.j.i.AbstractJavaProjectConfigurator - Adding source folder /livraria-fx/src
2021-01-18 02:34:07,678 [Worker-247: Updating Maven Project] INFO  o.e.m.j.i.AbstractJavaProjectConfigurator - Resources folder /livraria-fx/src overlaps with sources folder /livraria-fx/src
2021-01-18 02:34:07,679 [Worker-247: Updating Maven Project] INFO  o.e.m.j.i.AbstractJavaProjectConfigurator - Not adding source folder /livraria-fx/src/test/java because it overlaps with /livraria-fx/src
2021-01-18 02:34:08,146 [Worker-247: Updating Maven Project] INFO  o.e.m.c.i.p.ProjectConfigurationManager - Update completed: 1 sec
2021-01-18 02:34:10,032 [Worker-253: Building] WARN  o.e.m.c.i.embedder.EclipseLogger - The POM for br.com.caelum.livraria:livraria-base:jar:1.0.0-SNAPSHOT is missing, no dependency information available
2021-01-18 02:34:10,051 [Worker-253: Building] WARN  o.e.m.c.i.embedder.EclipseLogger - Using platform encoding (Cp1252 actually) to copy filtered resources, i.e. build is platform dependent!
2021-01-18 02:34:10,063 [Worker-253: Building] INFO  o.e.m.c.i.embedder.EclipseLogger - Copying 1 resource
2021-01-18 02:34:10,069 [Worker-253: Building] WARN  o.e.m.c.i.embedder.EclipseLogger - Using platform encoding (Cp1252 actually) to copy filtered resources, i.e. build is platform dependent!
2021-01-18 02:34:10,080 [Worker-253: Building] INFO  o.e.m.c.i.embedder.EclipseLogger - skip non existing resourceDirectory C:\Users\Sandro\workspace\APIsBibliotecasJava\livraria-fx\src\test\resources
2021-01-18 02:40:51,967 [Worker-255: Building] INFO  o.e.m.c.i.l.LifecycleMappingFactory - Using org.eclipse.m2e.jdt.JarLifecycleMapping lifecycle mapping for MavenProject: br.com.casadocodigo:livraria-fx:0.0.1-SNAPSHOT @ C:\Users\Sandro\workspace\APIsBibliotecasJava\livraria-fx\pom.xml.
2021-01-18 02:40:51,969 [Worker-255: Building] WARN  o.e.m.c.i.embedder.EclipseLogger - The POM for br.com.caelum.livraria:livraria-base:jar:1.0.0-SNAPSHOT is missing, no dependency information available
2021-01-18 02:40:52,448 [Worker-255: Building] WARN  o.e.m.c.i.embedder.EclipseLogger - Using platform encoding (Cp1252 actually) to copy filtered resources, i.e. build is platform dependent!
2021-01-18 02:40:52,460 [Worker-255: Building] INFO  o.e.m.c.i.embedder.EclipseLogger - Copying 1 resource
2021-01-18 02:40:52,467 [Worker-255: Building] WARN  o.e.m.c.i.embedder.EclipseLogger - Using platform encoding (Cp1252 actually) to copy filtered resources, i.e. build is platform dependent!
2021-01-18 02:40:52,480 [Worker-255: Building] INFO  o.e.m.c.i.embedder.EclipseLogger - skip non existing resourceDirectory C:\Users\Sandro\workspace\APIsBibliotecasJava\livraria-fx\src\test\resources
2021-01-18 02:42:09,546 [Worker-247: Updating module path] WARN  o.e.m.c.i.embedder.EclipseLogger - The POM for br.com.caelum.livraria:livraria-base:jar:1.0.0-SNAPSHOT is missing, no dependency information available
2021-01-18 02:42:12,774 [Worker-254: Building] WARN  o.e.m.c.i.embedder.EclipseLogger - Using platform encoding (Cp1252 actually) to copy filtered resources, i.e. build is platform dependent!
2021-01-18 02:42:12,786 [Worker-254: Building] INFO  o.e.m.c.i.embedder.EclipseLogger - Copying 1 resource
2021-01-18 02:42:12,794 [Worker-254: Building] WARN  o.e.m.c.i.embedder.EclipseLogger - Using platform encoding (Cp1252 actually) to copy filtered resources, i.e. build is platform dependent!
2021-01-18 02:42:12,804 [Worker-254: Building] INFO  o.e.m.c.i.embedder.EclipseLogger - skip non existing resourceDirectory C:\Users\Sandro\workspace\APIsBibliotecasJava\livraria-fx\src\test\resources
2021-01-18 02:57:40,533 [Worker-256: Building] INFO  o.e.m.c.i.l.LifecycleMappingFactory - Using org.eclipse.m2e.jdt.JarLifecycleMapping lifecycle mapping for MavenProject: br.com.caelum:livraria-base:0.0.1-SNAPSHOT @ C:\Users\Sandro\workspace\APIsBibliotecasJava\arquivos-do-livro\livraria-base\pom.xml.
2021-01-18 02:57:41,482 [Worker-256: Building] INFO  o.e.m.c.i.embedder.EclipseLogger - Using 'UTF-8' encoding to copy filtered resources.
2021-01-18 02:57:41,483 [Worker-256: Building] INFO  o.e.m.c.i.embedder.EclipseLogger - skip non existing resourceDirectory C:\Users\Sandro\workspace\APIsBibliotecasJava\arquivos-do-livro\livraria-base\src\main\resources
2021-01-18 02:57:41,486 [Worker-256: Building] INFO  o.e.m.c.i.embedder.EclipseLogger - Using 'UTF-8' encoding to copy filtered resources.
2021-01-18 02:57:41,486 [Worker-256: Building] INFO  o.e.m.c.i.embedder.EclipseLogger - skip non existing resourceDirectory C:\Users\Sandro\workspace\APIsBibliotecasJava\arquivos-do-livro\livraria-base\src\test\resources
2021-01-18 03:04:46,824 [Worker-266: Enabling Maven Dependency Management] INFO  o.e.m.c.i.l.LifecycleMappingFactory - Using org.eclipse.m2e.jdt.JarLifecycleMapping lifecycle mapping for MavenProject: br.com.casadocodigo:livraria-fx:0.0.1-SNAPSHOT @ C:\Users\Sandro\workspace\APIsBibliotecasJava\livraria-fx\pom.xml.
2021-01-18 03:04:47,333 [Worker-266: Enabling Maven Dependency Management] INFO  o.e.m.j.i.AbstractJavaProjectConfigurator - Adding source folder /livraria-fx/src
2021-01-18 03:04:47,334 [Worker-266: Enabling Maven Dependency Management] INFO  o.e.m.j.i.AbstractJavaProjectConfigurator - Resources folder /livraria-fx/src overlaps with sources folder /livraria-fx/src
2021-01-18 03:04:47,368 [Worker-266: Enabling Maven Dependency Management] INFO  o.e.m.j.i.AbstractJavaProjectConfigurator - Not adding source folder /livraria-fx/src/test/java because it overlaps with /livraria-fx/src
2021-01-18 03:04:47,916 [Worker-266: Enabling Maven Dependency Management] INFO  o.e.m.c.i.p.ProjectConfigurationManager - Update started
2021-01-18 03:04:49,622 [Worker-266: Enabling Maven Dependency Management] INFO  o.e.m.c.i.l.LifecycleMappingFactory - Using org.eclipse.m2e.jdt.JarLifecycleMapping lifecycle mapping for MavenProject: br.com.casadocodigo:livraria-fx:0.0.1-SNAPSHOT @ C:\Users\Sandro\workspace\APIsBibliotecasJava\livraria-fx\pom.xml.
2021-01-18 03:04:50,300 [Worker-266: Enabling Maven Dependency Management] INFO  o.e.m.j.i.AbstractJavaProjectConfigurator - Adding source folder /livraria-fx/src
2021-01-18 03:04:50,301 [Worker-266: Enabling Maven Dependency Management] INFO  o.e.m.j.i.AbstractJavaProjectConfigurator - Resources folder /livraria-fx/src overlaps with sources folder /livraria-fx/src
2021-01-18 03:04:50,353 [Worker-266: Enabling Maven Dependency Management] INFO  o.e.m.j.i.AbstractJavaProjectConfigurator - Not adding source folder /livraria-fx/src/test/java because it overlaps with /livraria-fx/src
2021-01-18 03:04:51,651 [Worker-266: Enabling Maven Dependency Management] INFO  o.e.m.c.i.p.ProjectConfigurationManager - Update completed: 3 sec
2021-01-18 03:04:54,165 [Worker-275: Building] WARN  o.e.m.c.i.embedder.EclipseLogger - Using platform encoding (Cp1252 actually) to copy filtered resources, i.e. build is platform dependent!
2021-01-18 03:04:54,233 [Worker-275: Building] INFO  o.e.m.c.i.embedder.EclipseLogger - Copying 1 resource
2021-01-18 03:04:54,262 [Worker-275: Building] WARN  o.e.m.c.i.embedder.EclipseLogger - Using platform encoding (Cp1252 actually) to copy filtered resources, i.e. build is platform dependent!
2021-01-18 03:04:54,279 [Worker-275: Building] INFO  o.e.m.c.i.embedder.EclipseLogger - skip non existing resourceDirectory C:\Users\Sandro\workspace\APIsBibliotecasJava\livraria-fx\src\test\resources
2021-01-18 03:06:25,615 [Worker-271: Building] WARN  o.e.m.c.i.embedder.EclipseLogger - Using platform encoding (Cp1252 actually) to copy filtered resources, i.e. build is platform dependent!
2021-01-18 03:06:25,629 [Worker-271: Building] INFO  o.e.m.c.i.embedder.EclipseLogger - Copying 1 resource
2021-01-18 03:06:25,633 [Worker-271: Building] WARN  o.e.m.c.i.embedder.EclipseLogger - Using platform encoding (Cp1252 actually) to copy filtered resources, i.e. build is platform dependent!
2021-01-18 03:06:25,643 [Worker-271: Building] INFO  o.e.m.c.i.embedder.EclipseLogger - skip non existing resourceDirectory C:\Users\Sandro\workspace\APIsBibliotecasJava\livraria-fx\src\test\resources
2021-01-18 03:07:51,403 [Worker-276: Updating Maven Project] INFO  o.e.m.c.i.p.ProjectConfigurationManager - Update started
2021-01-18 03:07:51,925 [Worker-276: Updating Maven Project] INFO  o.e.m.c.i.l.LifecycleMappingFactory - Using org.eclipse.m2e.jdt.JarLifecycleMapping lifecycle mapping for MavenProject: br.com.caelum:livraria-base:0.0.1-SNAPSHOT @ C:\Users\Sandro\workspace\APIsBibliotecasJava\arquivos-do-livro\livraria-base\pom.xml.
2021-01-18 03:07:52,386 [Worker-276: Updating Maven Project] INFO  o.e.m.c.i.l.LifecycleMappingFactory - Using org.eclipse.m2e.jdt.JarLifecycleMapping lifecycle mapping for MavenProject: br.com.casadocodigo:livraria-fx:0.0.1-SNAPSHOT @ C:\Users\Sandro\workspace\APIsBibliotecasJava\livraria-fx\pom.xml.
2021-01-18 03:07:52,624 [Worker-276: Updating Maven Project] INFO  o.e.m.j.i.AbstractJavaProjectConfigurator - Adding source folder /livraria-base/src
2021-01-18 03:07:52,625 [Worker-276: Updating Maven Project] INFO  o.e.m.j.i.AbstractJavaProjectConfigurator - Not adding source folder /livraria-base/src/test/java because it overlaps with /livraria-base/src
2021-01-18 03:07:52,715 [Worker-276: Updating Maven Project] INFO  o.e.m.j.i.AbstractJavaProjectConfigurator - Adding source folder /livraria-fx/src
2021-01-18 03:07:52,715 [Worker-276: Updating Maven Project] INFO  o.e.m.j.i.AbstractJavaProjectConfigurator - Resources folder /livraria-fx/src overlaps with sources folder /livraria-fx/src
2021-01-18 03:07:52,716 [Worker-276: Updating Maven Project] INFO  o.e.m.j.i.AbstractJavaProjectConfigurator - Not adding source folder /livraria-fx/src/test/java because it overlaps with /livraria-fx/src
2021-01-18 03:07:53,306 [Worker-276: Updating Maven Project] INFO  o.e.m.c.i.p.ProjectConfigurationManager - Update completed: 1 sec
2021-01-18 03:07:53,534 [Worker-276: Building] INFO  o.e.m.c.i.embedder.EclipseLogger - Using 'UTF-8' encoding to copy filtered resources.
2021-01-18 03:07:53,535 [Worker-276: Building] INFO  o.e.m.c.i.embedder.EclipseLogger - skip non existing resourceDirectory C:\Users\Sandro\workspace\APIsBibliotecasJava\arquivos-do-livro\livraria-base\src\main\resources
2021-01-18 03:07:53,537 [Worker-276: Building] INFO  o.e.m.c.i.embedder.EclipseLogger - Using 'UTF-8' encoding to copy filtered resources.
2021-01-18 03:07:53,537 [Worker-276: Building] INFO  o.e.m.c.i.embedder.EclipseLogger - skip non existing resourceDirectory C:\Users\Sandro\workspace\APIsBibliotecasJava\arquivos-do-livro\livraria-base\src\test\resources
2021-01-18 03:07:55,499 [Worker-271: Building] WARN  o.e.m.c.i.embedder.EclipseLogger - Using platform encoding (Cp1252 actually) to copy filtered resources, i.e. build is platform dependent!
2021-01-18 03:07:55,515 [Worker-271: Building] INFO  o.e.m.c.i.embedder.EclipseLogger - Copying 1 resource
2021-01-18 03:07:55,530 [Worker-271: Building] WARN  o.e.m.c.i.embedder.EclipseLogger - Using platform encoding (Cp1252 actually) to copy filtered resources, i.e. build is platform dependent!
2021-01-18 03:07:55,539 [Worker-271: Building] INFO  o.e.m.c.i.embedder.EclipseLogger - skip non existing resourceDirectory C:\Users\Sandro\workspace\APIsBibliotecasJava\livraria-fx\src\test\resources
2021-01-18 03:10:33,984 [Worker-271: Building] INFO  o.e.m.c.i.l.LifecycleMappingFactory - Using org.eclipse.m2e.jdt.JarLifecycleMapping lifecycle mapping for MavenProject: br.com.casadocodigo:livraria-fx:0.0.1-SNAPSHOT @ C:\Users\Sandro\workspace\APIsBibliotecasJava\livraria-fx\pom.xml.
2021-01-18 03:10:33,985 [Worker-271: Building] WARN  o.e.m.c.i.embedder.EclipseLogger - The POM for br.com.caelum.livraria:livraria-base:jar:1.0.0-SNAPSHOT is missing, no dependency information available
2021-01-18 03:10:34,064 [Worker-271: Building] WARN  o.e.m.c.i.embedder.EclipseLogger - Using platform encoding (Cp1252 actually) to copy filtered resources, i.e. build is platform dependent!
2021-01-18 03:10:34,075 [Worker-271: Building] INFO  o.e.m.c.i.embedder.EclipseLogger - Copying 0 resource
2021-01-18 03:10:34,076 [Worker-271: Building] WARN  o.e.m.c.i.embedder.EclipseLogger - Using platform encoding (Cp1252 actually) to copy filtered resources, i.e. build is platform dependent!
2021-01-18 03:10:34,085 [Worker-271: Building] INFO  o.e.m.c.i.embedder.EclipseLogger - skip non existing resourceDirectory C:\Users\Sandro\workspace\APIsBibliotecasJava\livraria-fx\src\test\resources
2021-01-18 03:10:53,812 [Worker-278: Building] INFO  o.e.m.c.i.l.LifecycleMappingFactory - Using org.eclipse.m2e.jdt.JarLifecycleMapping lifecycle mapping for MavenProject: br.com.caelum:livraria-base:0.0.1-SNAPSHOT @ C:\Users\Sandro\workspace\APIsBibliotecasJava\livraria-base2\pom.xml.
2021-01-18 03:10:53,855 [Worker-278: Building] INFO  o.e.m.c.i.embedder.EclipseLogger - Using 'UTF-8' encoding to copy filtered resources.
2021-01-18 03:10:53,856 [Worker-278: Building] INFO  o.e.m.c.i.embedder.EclipseLogger - skip non existing resourceDirectory C:\Users\Sandro\workspace\APIsBibliotecasJava\livraria-base2\src\main\resources
2021-01-18 03:10:53,858 [Worker-278: Building] INFO  o.e.m.c.i.embedder.EclipseLogger - Using 'UTF-8' encoding to copy filtered resources.
2021-01-18 03:10:53,858 [Worker-278: Building] INFO  o.e.m.c.i.embedder.EclipseLogger - skip non existing resourceDirectory C:\Users\Sandro\workspace\APIsBibliotecasJava\livraria-base2\src\test\resources
2021-01-18 03:11:06,096 [Worker-271: Building] INFO  o.e.m.c.i.l.LifecycleMappingFactory - Using org.eclipse.m2e.jdt.JarLifecycleMapping lifecycle mapping for MavenProject: br.com.caelum:livraria-base:0.0.1-SNAPSHOT @ C:\Users\Sandro\workspace\APIsBibliotecasJava\livraria-base3\pom.xml.
2021-01-18 03:11:06,149 [Worker-271: Building] INFO  o.e.m.c.i.embedder.EclipseLogger - Using 'UTF-8' encoding to copy filtered resources.
2021-01-18 03:11:06,150 [Worker-271: Building] INFO  o.e.m.c.i.embedder.EclipseLogger - skip non existing resourceDirectory C:\Users\Sandro\workspace\APIsBibliotecasJava\livraria-base3\src\main\resources
2021-01-18 03:11:06,151 [Worker-271: Building] INFO  o.e.m.c.i.embedder.EclipseLogger - Using 'UTF-8' encoding to copy filtered resources.
2021-01-18 03:11:06,152 [Worker-271: Building] INFO  o.e.m.c.i.embedder.EclipseLogger - skip non existing resourceDirectory C:\Users\Sandro\workspace\APIsBibliotecasJava\livraria-base3\src\test\resources
2021-01-18 03:12:14,626 [Worker-279: Launching Main (1)] WARN  o.e.m.c.i.embedder.EclipseLogger - The POM for br.com.caelum.livraria:livraria-base:jar:1.0.0-SNAPSHOT is missing, no dependency information available
2021-01-18 03:14:40,053 [Worker-280: Building] WARN  o.e.m.c.i.embedder.EclipseLogger - Using platform encoding (Cp1252 actually) to copy filtered resources, i.e. build is platform dependent!
2021-01-18 03:14:40,067 [Worker-280: Building] INFO  o.e.m.c.i.embedder.EclipseLogger - Copying 0 resource
2021-01-18 03:14:40,069 [Worker-280: Building] WARN  o.e.m.c.i.embedder.EclipseLogger - Using platform encoding (Cp1252 actually) to copy filtered resources, i.e. build is platform dependent!
2021-01-18 03:14:40,080 [Worker-280: Building] INFO  o.e.m.c.i.embedder.EclipseLogger - skip non existing resourceDirectory C:\Users\Sandro\workspace\APIsBibliotecasJava\livraria-fx\src\test\resources
2021-01-18 03:15:17,677 [Worker-281: Updating Maven Project] INFO  o.e.m.c.i.p.ProjectConfigurationManager - Update started
2021-01-18 03:15:18,215 [Worker-281: Updating Maven Project] INFO  o.e.m.c.i.l.LifecycleMappingFactory - Using org.eclipse.m2e.jdt.JarLifecycleMapping lifecycle mapping for MavenProject: br.com.caelum:livraria-base:0.0.1-SNAPSHOT @ C:\Users\Sandro\workspace\APIsBibliotecasJava\arquivos-do-livro\livraria-base\pom.xml.
2021-01-18 03:15:18,541 [Worker-281: Updating Maven Project] INFO  o.e.m.c.i.l.LifecycleMappingFactory - Using org.eclipse.m2e.jdt.JarLifecycleMapping lifecycle mapping for MavenProject: br.com.casadocodigo:livraria-fx:0.0.1-SNAPSHOT @ C:\Users\Sandro\workspace\APIsBibliotecasJava\livraria-fx\pom.xml.
2021-01-18 03:15:18,543 [Worker-281: Updating Maven Project] WARN  o.e.m.c.i.embedder.EclipseLogger - The POM for br.com.caelum.livraria:livraria-base:jar:1.0.0-SNAPSHOT is missing, no dependency information available
2021-01-18 03:15:19,006 [Worker-281: Updating Maven Project] INFO  o.e.m.j.i.AbstractJavaProjectConfigurator - Adding source folder /livraria-base/src
2021-01-18 03:15:19,006 [Worker-281: Updating Maven Project] INFO  o.e.m.j.i.AbstractJavaProjectConfigurator - Not adding source folder /livraria-base/src/test/java because it overlaps with /livraria-base/src
2021-01-18 03:15:19,035 [Worker-281: Updating Maven Project] INFO  o.e.m.j.i.AbstractJavaProjectConfigurator - Adding source folder /livraria-fx/src
2021-01-18 03:15:19,035 [Worker-281: Updating Maven Project] INFO  o.e.m.j.i.AbstractJavaProjectConfigurator - Resources folder /livraria-fx/src overlaps with sources folder /livraria-fx/src
2021-01-18 03:15:19,036 [Worker-281: Updating Maven Project] INFO  o.e.m.j.i.AbstractJavaProjectConfigurator - Not adding source folder /livraria-fx/src/test/java because it overlaps with /livraria-fx/src
2021-01-18 03:15:19,540 [Worker-281: Updating Maven Project] INFO  o.e.m.c.i.p.ProjectConfigurationManager - Update completed: 1 sec
2021-01-18 03:15:19,791 [Worker-271: Building] INFO  o.e.m.c.i.embedder.EclipseLogger - Using 'UTF-8' encoding to copy filtered resources.
2021-01-18 03:15:19,791 [Worker-271: Building] INFO  o.e.m.c.i.embedder.EclipseLogger - skip non existing resourceDirectory C:\Users\Sandro\workspace\APIsBibliotecasJava\arquivos-do-livro\livraria-base\src\main\resources
2021-01-18 03:15:19,793 [Worker-271: Building] INFO  o.e.m.c.i.embedder.EclipseLogger - Using 'UTF-8' encoding to copy filtered resources.
2021-01-18 03:15:19,794 [Worker-271: Building] INFO  o.e.m.c.i.embedder.EclipseLogger - skip non existing resourceDirectory C:\Users\Sandro\workspace\APIsBibliotecasJava\arquivos-do-livro\livraria-base\src\test\resources
2021-01-18 03:15:21,679 [Worker-281: Building] WARN  o.e.m.c.i.embedder.EclipseLogger - The POM for br.com.caelum.livraria:livraria-base:jar:1.0.0-SNAPSHOT is missing, no dependency information available
2021-01-18 03:15:21,699 [Worker-281: Building] WARN  o.e.m.c.i.embedder.EclipseLogger - Using platform encoding (Cp1252 actually) to copy filtered resources, i.e. build is platform dependent!
2021-01-18 03:15:21,709 [Worker-281: Building] INFO  o.e.m.c.i.embedder.EclipseLogger - Copying 1 resource
2021-01-18 03:15:21,720 [Worker-281: Building] WARN  o.e.m.c.i.embedder.EclipseLogger - Using platform encoding (Cp1252 actually) to copy filtered resources, i.e. build is platform dependent!
2021-01-18 03:15:21,731 [Worker-281: Building] INFO  o.e.m.c.i.embedder.EclipseLogger - skip non existing resourceDirectory C:\Users\Sandro\workspace\APIsBibliotecasJava\livraria-fx\src\test\resources
2021-01-18 03:16:28,632 [Worker-281: Building] INFO  o.e.m.c.i.l.LifecycleMappingFactory - Using org.eclipse.m2e.jdt.JarLifecycleMapping lifecycle mapping for MavenProject: br.com.casadocodigo:livraria-fx:0.0.1-SNAPSHOT @ C:\Users\Sandro\workspace\APIsBibliotecasJava\livraria-fx\pom.xml.
2021-01-18 03:16:28,634 [Worker-281: Building] WARN  o.e.m.c.i.embedder.EclipseLogger - The POM for br.com.caelum.livraria:livraria-base:jar:1.0.0-SNAPSHOT is missing, no dependency information available
2021-01-18 03:16:28,711 [Worker-281: Building] WARN  o.e.m.c.i.embedder.EclipseLogger - Using platform encoding (Cp1252 actually) to copy filtered resources, i.e. build is platform dependent!
2021-01-18 03:16:28,722 [Worker-281: Building] INFO  o.e.m.c.i.embedder.EclipseLogger - Copying 0 resource
2021-01-18 03:16:28,723 [Worker-281: Building] WARN  o.e.m.c.i.embedder.EclipseLogger - Using platform encoding (Cp1252 actually) to copy filtered resources, i.e. build is platform dependent!
2021-01-18 03:16:28,733 [Worker-281: Building] INFO  o.e.m.c.i.embedder.EclipseLogger - skip non existing resourceDirectory C:\Users\Sandro\workspace\APIsBibliotecasJava\livraria-fx\src\test\resources
2021-01-18 03:17:40,262 [main] INFO  o.e.m2e.actions.ExecutePomAction - Creating new launch configuration
2021-01-18 03:17:43,781 [Worker-280: Launching livraria-fx] INFO  o.e.m.i.launch.MavenLaunchDelegate - C:\Users\Sandro\workspace\APIsBibliotecasJava\livraria-fx
2021-01-18 03:17:43,784 [Worker-280: Launching livraria-fx] INFO  o.e.m.i.launch.MavenLaunchDelegate -  mvn -B 
2021-01-18 03:18:36,568 [Worker-282: Launching Executing clean in C__Users_Sandro_workspace_APIsBibliotecasJava_livraria-fx] INFO  o.e.m.i.launch.MavenLaunchDelegate - C:\Users\Sandro\workspace\APIsBibliotecasJava\livraria-fx
2021-01-18 03:18:36,568 [Worker-282: Launching Executing clean in C__Users_Sandro_workspace_APIsBibliotecasJava_livraria-fx] INFO  o.e.m.i.launch.MavenLaunchDelegate -  mvn -B clean
2021-01-18 03:18:49,811 [main] INFO  o.e.m2e.actions.ExecutePomAction - Using existing launch configuration
2021-01-18 03:19:22,541 [Worker-271: Launching livraria-fx] INFO  o.e.m.i.launch.MavenLaunchDelegate - C:\Users\Sandro\workspace\APIsBibliotecasJava\livraria-fx
2021-01-18 03:19:22,541 [Worker-271: Launching livraria-fx] INFO  o.e.m.i.launch.MavenLaunchDelegate -  mvn -B compile package
2021-01-18 03:20:06,908 [Worker-283: reload maven project] WARN  o.e.m.c.i.embedder.EclipseLogger - The POM for br.com.caelum.livraria:livraria-base:jar:1.0.0-SNAPSHOT is missing, no dependency information available
2021-01-18 03:20:07,507 [Worker-282: Building] INFO  o.e.m.c.i.l.LifecycleMappingFactory - Using org.eclipse.m2e.jdt.JarLifecycleMapping lifecycle mapping for MavenProject: br.com.casadocodigo:livraria-fx:0.0.1-SNAPSHOT @ C:\Users\Sandro\workspace\APIsBibliotecasJava\livraria-fx\pom.xml.
2021-01-18 03:20:07,509 [Worker-282: Building] WARN  o.e.m.c.i.embedder.EclipseLogger - The POM for br.com.caelum.livraria:livraria-base:jar:1.0.0-SNAPSHOT is missing, no dependency information available
2021-01-18 03:20:07,809 [Worker-282: Building] WARN  o.e.m.c.i.embedder.EclipseLogger - Using platform encoding (Cp1252 actually) to copy filtered resources, i.e. build is platform dependent!
2021-01-18 03:20:07,822 [Worker-282: Building] INFO  o.e.m.c.i.embedder.EclipseLogger - Copying 1 resource
2021-01-18 03:20:07,828 [Worker-282: Building] WARN  o.e.m.c.i.embedder.EclipseLogger - Using platform encoding (Cp1252 actually) to copy filtered resources, i.e. build is platform dependent!
2021-01-18 03:20:07,840 [Worker-282: Building] INFO  o.e.m.c.i.embedder.EclipseLogger - skip non existing resourceDirectory C:\Users\Sandro\workspace\APIsBibliotecasJava\livraria-fx\src\test\resources
2021-01-18 03:21:51,461 [main] INFO  o.e.m2e.actions.ExecutePomAction - Using existing launch configuration
2021-01-18 03:21:51,613 [Worker-279: Launching livraria-fx] INFO  o.e.m.i.launch.MavenLaunchDelegate - C:\Users\Sandro\workspace\APIsBibliotecasJava\livraria-fx
2021-01-18 03:21:51,613 [Worker-279: Launching livraria-fx] INFO  o.e.m.i.launch.MavenLaunchDelegate -  mvn -B compile package
2021-01-18 03:22:17,847 [main] INFO  o.e.m2e.actions.ExecutePomAction - Creating new launch configuration
2021-01-18 03:22:51,285 [Worker-286: Launching livraria-fx (1)] INFO  o.e.m.i.launch.MavenLaunchDelegate - C:\Users\Sandro\workspace\APIsBibliotecasJava\livraria-fx
2021-01-18 03:22:51,285 [Worker-286: Launching livraria-fx (1)] INFO  o.e.m.i.launch.MavenLaunchDelegate -  mvn -B jfx:run
2021-01-18 03:23:38,031 [Worker-279: reload maven project] ERROR o.e.m2e.editor.pom.MavenPomEditor - failed to load maven project for org.eclipse.ui.part.FileEditorInput(/livraria-fx/pom.xml)
org.eclipse.core.runtime.CoreException: Could not read maven project
	at org.eclipse.m2e.core.internal.project.registry.ProjectRegistryManager.readProjectWithDependencies(ProjectRegistryManager.java:847) ~[na:na]
	at org.eclipse.m2e.core.internal.project.registry.ProjectRegistryManager.lambda$22(ProjectRegistryManager.java:1064) ~[na:na]
	at com.google.common.cache.LocalCache$LocalManualCache$1.load(LocalCache.java:4878) ~[na:na]
	at com.google.common.cache.LocalCache$LoadingValueReference.loadFuture(LocalCache.java:3529) ~[na:na]
	at com.google.common.cache.LocalCache$Segment.loadSync(LocalCache.java:2278) ~[na:na]
	at com.google.common.cache.LocalCache$Segment.lockedGetOrLoad(LocalCache.java:2155) ~[na:na]
	at com.google.common.cache.LocalCache$Segment.get(LocalCache.java:2045) ~[na:na]
	at com.google.common.cache.LocalCache.get(LocalCache.java:3953) ~[na:na]
	at com.google.common.cache.LocalCache$LocalManualCache.get(LocalCache.java:4873) ~[na:na]
	at org.eclipse.m2e.core.internal.project.registry.ProjectRegistryManager.getMavenProject(ProjectRegistryManager.java:1063) ~[na:na]
	at org.eclipse.m2e.core.internal.project.registry.MavenProjectFacade.getMavenProject(MavenProjectFacade.java:244) ~[na:na]
	at org.eclipse.m2e.core.ui.internal.actions.SelectionUtil.getMavenProject(SelectionUtil.java:261) ~[org.eclipse.m2e.core.ui_1.15.0.20200305-1308.jar:na]
	at org.eclipse.m2e.editor.pom.MavenPomEditor.readMavenProject(MavenPomEditor.java:717) ~[na:na]
	at org.eclipse.m2e.editor.pom.MavenPomEditor$3.run(MavenPomEditor.java:1043) ~[na:na]
	at org.eclipse.core.internal.jobs.Worker.run(Worker.java:63) ~[org.eclipse.core.jobs_3.10.700.v20200106-1020.jar:na]
2021-01-18 03:23:38,929 [Worker-279: Building] INFO  o.e.m.c.i.l.LifecycleMappingFactory - Using org.eclipse.m2e.jdt.JarLifecycleMapping lifecycle mapping for MavenProject: br.com.casadocodigo:livraria-fx:0.0.1-SNAPSHOT @ C:\Users\Sandro\workspace\APIsBibliotecasJava\livraria-fx\pom.xml.
2021-01-18 03:23:46,767 [Worker-286: reload maven project] WARN  o.e.m.c.i.embedder.EclipseLogger - The POM for br.com.caelum.livraria:livraria-base:jar:1.0.0-SNAPSHOT is missing, no dependency information available
2021-01-18 03:23:47,446 [Worker-280: Building] INFO  o.e.m.c.i.l.LifecycleMappingFactory - Using org.eclipse.m2e.jdt.JarLifecycleMapping lifecycle mapping for MavenProject: br.com.casadocodigo:livraria-fx:0.0.1-SNAPSHOT @ C:\Users\Sandro\workspace\APIsBibliotecasJava\livraria-fx\pom.xml.
2021-01-18 03:23:47,448 [Worker-280: Building] WARN  o.e.m.c.i.embedder.EclipseLogger - The POM for br.com.caelum.livraria:livraria-base:jar:1.0.0-SNAPSHOT is missing, no dependency information available
2021-01-18 03:23:47,536 [Worker-280: Building] WARN  o.e.m.c.i.embedder.EclipseLogger - Using platform encoding (Cp1252 actually) to copy filtered resources, i.e. build is platform dependent!
2021-01-18 03:23:47,548 [Worker-280: Building] INFO  o.e.m.c.i.embedder.EclipseLogger - Copying 0 resource
2021-01-18 03:23:47,550 [Worker-280: Building] WARN  o.e.m.c.i.embedder.EclipseLogger - Using platform encoding (Cp1252 actually) to copy filtered resources, i.e. build is platform dependent!
2021-01-18 03:23:47,560 [Worker-280: Building] INFO  o.e.m.c.i.embedder.EclipseLogger - skip non existing resourceDirectory C:\Users\Sandro\workspace\APIsBibliotecasJava\livraria-fx\src\test\resources
2021-01-18 03:24:14,678 [Worker-286: Updating Maven Project] INFO  o.e.m.c.i.p.ProjectConfigurationManager - Update started
2021-01-18 03:24:15,366 [Worker-286: Updating Maven Project] INFO  o.e.m.c.i.l.LifecycleMappingFactory - Using org.eclipse.m2e.jdt.JarLifecycleMapping lifecycle mapping for MavenProject: br.com.caelum:livraria-base:0.0.1-SNAPSHOT @ C:\Users\Sandro\workspace\APIsBibliotecasJava\arquivos-do-livro\livraria-base\pom.xml.
2021-01-18 03:24:15,728 [Worker-286: Updating Maven Project] INFO  o.e.m.c.i.l.LifecycleMappingFactory - Using org.eclipse.m2e.jdt.JarLifecycleMapping lifecycle mapping for MavenProject: br.com.casadocodigo:livraria-fx:0.0.1-SNAPSHOT @ C:\Users\Sandro\workspace\APIsBibliotecasJava\livraria-fx\pom.xml.
2021-01-18 03:24:15,731 [Worker-286: Updating Maven Project] WARN  o.e.m.c.i.embedder.EclipseLogger - The POM for br.com.caelum.livraria:livraria-base:jar:1.0.0-SNAPSHOT is missing, no dependency information available
2021-01-18 03:24:16,158 [Worker-286: Updating Maven Project] INFO  o.e.m.c.i.p.ProjectConfigurationManager - Update completed: 1 sec
2021-01-18 03:24:16,585 [Worker-279: Building] INFO  o.e.m.c.i.embedder.EclipseLogger - Using 'UTF-8' encoding to copy filtered resources.
2021-01-18 03:24:16,585 [Worker-279: Building] INFO  o.e.m.c.i.embedder.EclipseLogger - skip non existing resourceDirectory C:\Users\Sandro\workspace\APIsBibliotecasJava\arquivos-do-livro\livraria-base\src\main\resources
2021-01-18 03:24:16,587 [Worker-279: Building] INFO  o.e.m.c.i.embedder.EclipseLogger - Using 'UTF-8' encoding to copy filtered resources.
2021-01-18 03:24:16,588 [Worker-279: Building] INFO  o.e.m.c.i.embedder.EclipseLogger - skip non existing resourceDirectory C:\Users\Sandro\workspace\APIsBibliotecasJava\arquivos-do-livro\livraria-base\src\test\resources
2021-01-18 03:24:18,448 [Worker-284: Building] WARN  o.e.m.c.i.embedder.EclipseLogger - The POM for br.com.caelum.livraria:livraria-base:jar:1.0.0-SNAPSHOT is missing, no dependency information available
2021-01-18 03:24:18,467 [Worker-284: Building] WARN  o.e.m.c.i.embedder.EclipseLogger - Using platform encoding (Cp1252 actually) to copy filtered resources, i.e. build is platform dependent!
2021-01-18 03:24:18,483 [Worker-284: Building] INFO  o.e.m.c.i.embedder.EclipseLogger - Copying 1 resource
2021-01-18 03:24:18,499 [Worker-284: Building] WARN  o.e.m.c.i.embedder.EclipseLogger - Using platform encoding (Cp1252 actually) to copy filtered resources, i.e. build is platform dependent!
2021-01-18 03:24:18,515 [Worker-284: Building] INFO  o.e.m.c.i.embedder.EclipseLogger - skip non existing resourceDirectory C:\Users\Sandro\workspace\APIsBibliotecasJava\livraria-fx\src\test\resources
2021-01-18 03:24:43,019 [Worker-286: Updating Maven Project] INFO  o.e.m.c.i.p.ProjectConfigurationManager - Update started
2021-01-18 03:24:43,607 [Worker-286: Updating Maven Project] INFO  o.e.m.c.i.l.LifecycleMappingFactory - Using org.eclipse.m2e.jdt.JarLifecycleMapping lifecycle mapping for MavenProject: br.com.caelum:livraria-base:0.0.1-SNAPSHOT @ C:\Users\Sandro\workspace\APIsBibliotecasJava\arquivos-do-livro\livraria-base\pom.xml.
2021-01-18 03:24:44,030 [Worker-286: Updating Maven Project] INFO  o.e.m.c.i.l.LifecycleMappingFactory - Using org.eclipse.m2e.jdt.JarLifecycleMapping lifecycle mapping for MavenProject: br.com.casadocodigo:livraria-fx:0.0.1-SNAPSHOT @ C:\Users\Sandro\workspace\APIsBibliotecasJava\livraria-fx\pom.xml.
2021-01-18 03:24:44,032 [Worker-286: Updating Maven Project] WARN  o.e.m.c.i.embedder.EclipseLogger - The POM for br.com.caelum.livraria:livraria-base:jar:1.0.0-SNAPSHOT is missing, no dependency information available
2021-01-18 03:24:44,395 [Worker-286: Updating Maven Project] INFO  o.e.m.c.i.p.ProjectConfigurationManager - Update completed: 1 sec
2021-01-18 03:24:44,779 [Worker-284: Building] INFO  o.e.m.c.i.embedder.EclipseLogger - Using 'UTF-8' encoding to copy filtered resources.
2021-01-18 03:24:44,779 [Worker-284: Building] INFO  o.e.m.c.i.embedder.EclipseLogger - skip non existing resourceDirectory C:\Users\Sandro\workspace\APIsBibliotecasJava\arquivos-do-livro\livraria-base\src\main\resources
2021-01-18 03:24:44,781 [Worker-284: Building] INFO  o.e.m.c.i.embedder.EclipseLogger - Using 'UTF-8' encoding to copy filtered resources.
2021-01-18 03:24:44,781 [Worker-284: Building] INFO  o.e.m.c.i.embedder.EclipseLogger - skip non existing resourceDirectory C:\Users\Sandro\workspace\APIsBibliotecasJava\arquivos-do-livro\livraria-base\src\test\resources
2021-01-18 03:24:46,540 [Worker-286: Building] WARN  o.e.m.c.i.embedder.EclipseLogger - The POM for br.com.caelum.livraria:livraria-base:jar:1.0.0-SNAPSHOT is missing, no dependency information available
2021-01-18 03:24:46,564 [Worker-286: Building] WARN  o.e.m.c.i.embedder.EclipseLogger - Using platform encoding (Cp1252 actually) to copy filtered resources, i.e. build is platform dependent!
2021-01-18 03:24:46,578 [Worker-286: Building] INFO  o.e.m.c.i.embedder.EclipseLogger - Copying 1 resource
2021-01-18 03:24:46,592 [Worker-286: Building] WARN  o.e.m.c.i.embedder.EclipseLogger - Using platform encoding (Cp1252 actually) to copy filtered resources, i.e. build is platform dependent!
2021-01-18 03:24:46,602 [Worker-286: Building] INFO  o.e.m.c.i.embedder.EclipseLogger - skip non existing resourceDirectory C:\Users\Sandro\workspace\APIsBibliotecasJava\livraria-fx\src\test\resources
2021-01-18 03:24:54,142 [main] INFO  o.e.m2e.actions.ExecutePomAction - Creating new launch configuration
2021-01-18 03:25:01,129 [Worker-279: Launching livraria-fx (2)] INFO  o.e.m.i.launch.MavenLaunchDelegate - C:\Users\Sandro\workspace\APIsBibliotecasJava\livraria-fx
2021-01-18 03:25:01,130 [Worker-279: Launching livraria-fx (2)] INFO  o.e.m.i.launch.MavenLaunchDelegate -  mvn -B 
2021-01-18 03:27:41,866 [Worker-4: Loading available Gradle versions] INFO  o.e.b.c.i.u.g.PublishedGradleVersions - Gradle version information cache is up-to-date. Trying to read.
2021-01-18 03:27:43,169 [Worker-7: reload maven project] WARN  o.e.m.c.i.embedder.EclipseLogger - The POM for br.com.caelum.livraria:livraria-base:jar:1.0.0-SNAPSHOT is missing, no dependency information available
2021-01-18 03:29:36,199 [Worker-16: Updating Maven Dependencies] ERROR o.e.m.j.i.l.MavenLaunchConfigurationListener - Launch configuration ConnectionFactory references non-existing project livraria-fx.
org.eclipse.core.runtime.CoreException: Launch configuration ConnectionFactory references non-existing project livraria-fx.
	at org.eclipse.jdt.launching.JavaRuntime.abort(JavaRuntime.java:1838) ~[na:na]
	at org.eclipse.jdt.launching.JavaRuntime.getJavaProject(JavaRuntime.java:1713) ~[na:na]
	at org.eclipse.m2e.jdt.internal.launch.MavenLaunchConfigurationListener.updateLaunchConfiguration(MavenLaunchConfigurationListener.java:55) ~[na:na]
	at org.eclipse.m2e.jdt.internal.launch.MavenLaunchConfigurationListener.launchConfigurationChanged(MavenLaunchConfigurationListener.java:40) ~[na:na]
	at org.eclipse.debug.internal.core.LaunchManager$ConfigurationNotifier.run(LaunchManager.java:225) ~[na:na]
	at org.eclipse.core.runtime.SafeRunner.run(SafeRunner.java:45) ~[org.eclipse.equinox.common_3.11.0.v20200206-0817.jar:na]
	at org.eclipse.debug.internal.core.LaunchManager$ConfigurationNotifier.notify(LaunchManager.java:209) ~[na:na]
	at org.eclipse.debug.internal.core.LaunchConfigurationWorkingCopy.setDirty(LaunchConfigurationWorkingCopy.java:522) ~[na:na]
	at org.eclipse.debug.internal.core.LaunchConfigurationWorkingCopy.setAttribute(LaunchConfigurationWorkingCopy.java:410) ~[na:na]
	at org.eclipse.m2e.jdt.internal.launch.MavenRuntimeClasspathProvider.disable(MavenRuntimeClasspathProvider.java:450) ~[na:na]
	at org.eclipse.m2e.jdt.internal.launch.MavenRuntimeClasspathProvider.disable(MavenRuntimeClasspathProvider.java:476) ~[na:na]
	at org.eclipse.m2e.jdt.internal.launch.MavenLaunchConfigurationListener.mavenProjectChanged(MavenLaunchConfigurationListener.java:72) ~[na:na]
	at org.eclipse.m2e.core.internal.project.registry.ProjectRegistryManager.notifyProjectChangeListeners(ProjectRegistryManager.java:821) ~[na:na]
	at org.eclipse.m2e.core.internal.project.registry.ProjectRegistryManager.applyMutableProjectRegistry(ProjectRegistryManager.java:985) ~[na:na]
	at org.eclipse.m2e.core.internal.project.registry.ProjectRegistryRefreshJob.lambda$0(ProjectRegistryRefreshJob.java:149) ~[na:na]
	at org.eclipse.m2e.core.internal.embedder.MavenExecutionContext.executeBare(MavenExecutionContext.java:179) ~[na:na]
	at org.eclipse.m2e.core.internal.embedder.MavenExecutionContext.execute(MavenExecutionContext.java:153) ~[na:na]
	at org.eclipse.m2e.core.internal.embedder.MavenExecutionContext.execute(MavenExecutionContext.java:101) ~[na:na]
	at org.eclipse.m2e.core.internal.embedder.MavenImpl.execute(MavenImpl.java:1373) ~[na:na]
	at org.eclipse.m2e.core.internal.project.registry.ProjectRegistryRefreshJob.run(ProjectRegistryRefreshJob.java:84) ~[na:na]
	at org.eclipse.core.internal.jobs.Worker.run(Worker.java:63) ~[org.eclipse.core.jobs_3.10.700.v20200106-1020.jar:na]
2021-01-18 03:29:36,233 [Worker-16: Updating Maven Dependencies] ERROR o.e.m.j.i.l.MavenLaunchConfigurationListener - Launch configuration ConnectionFactory references non-existing project livraria-fx.
org.eclipse.core.runtime.CoreException: Launch configuration ConnectionFactory references non-existing project livraria-fx.
	at org.eclipse.jdt.launching.JavaRuntime.abort(JavaRuntime.java:1838) ~[na:na]
	at org.eclipse.jdt.launching.JavaRuntime.getJavaProject(JavaRuntime.java:1713) ~[na:na]
	at org.eclipse.m2e.jdt.internal.launch.MavenLaunchConfigurationListener.updateLaunchConfiguration(MavenLaunchConfigurationListener.java:55) ~[na:na]
	at org.eclipse.m2e.jdt.internal.launch.MavenLaunchConfigurationListener.launchConfigurationChanged(MavenLaunchConfigurationListener.java:40) ~[na:na]
	at org.eclipse.debug.internal.core.LaunchManager$ConfigurationNotifier.run(LaunchManager.java:225) ~[na:na]
	at org.eclipse.core.runtime.SafeRunner.run(SafeRunner.java:45) ~[org.eclipse.equinox.common_3.11.0.v20200206-0817.jar:na]
	at org.eclipse.debug.internal.core.LaunchManager$ConfigurationNotifier.notify(LaunchManager.java:209) ~[na:na]
	at org.eclipse.debug.internal.core.LaunchConfigurationWorkingCopy.setDirty(LaunchConfigurationWorkingCopy.java:522) ~[na:na]
	at org.eclipse.debug.internal.core.LaunchConfigurationWorkingCopy.setAttribute(LaunchConfigurationWorkingCopy.java:410) ~[na:na]
	at org.eclipse.m2e.jdt.internal.launch.MavenRuntimeClasspathProvider.disable(MavenRuntimeClasspathProvider.java:451) ~[na:na]
	at org.eclipse.m2e.jdt.internal.launch.MavenRuntimeClasspathProvider.disable(MavenRuntimeClasspathProvider.java:476) ~[na:na]
	at org.eclipse.m2e.jdt.internal.launch.MavenLaunchConfigurationListener.mavenProjectChanged(MavenLaunchConfigurationListener.java:72) ~[na:na]
	at org.eclipse.m2e.core.internal.project.registry.ProjectRegistryManager.notifyProjectChangeListeners(ProjectRegistryManager.java:821) ~[na:na]
	at org.eclipse.m2e.core.internal.project.registry.ProjectRegistryManager.applyMutableProjectRegistry(ProjectRegistryManager.java:985) ~[na:na]
	at org.eclipse.m2e.core.internal.project.registry.ProjectRegistryRefreshJob.lambda$0(ProjectRegistryRefreshJob.java:149) ~[na:na]
	at org.eclipse.m2e.core.internal.embedder.MavenExecutionContext.executeBare(MavenExecutionContext.java:179) ~[na:na]
	at org.eclipse.m2e.core.internal.embedder.MavenExecutionContext.execute(MavenExecutionContext.java:153) ~[na:na]
	at org.eclipse.m2e.core.internal.embedder.MavenExecutionContext.execute(MavenExecutionContext.java:101) ~[na:na]
	at org.eclipse.m2e.core.internal.embedder.MavenImpl.execute(MavenImpl.java:1373) ~[na:na]
	at org.eclipse.m2e.core.internal.project.registry.ProjectRegistryRefreshJob.run(ProjectRegistryRefreshJob.java:84) ~[na:na]
	at org.eclipse.core.internal.jobs.Worker.run(Worker.java:63) ~[org.eclipse.core.jobs_3.10.700.v20200106-1020.jar:na]
2021-01-18 03:29:36,271 [Worker-16: Updating Maven Dependencies] ERROR o.e.m.j.i.l.MavenLaunchConfigurationListener - Launch configuration ConnectionFactory references non-existing project livraria-fx.
org.eclipse.core.runtime.CoreException: Launch configuration ConnectionFactory references non-existing project livraria-fx.
	at org.eclipse.jdt.launching.JavaRuntime.abort(JavaRuntime.java:1838) ~[na:na]
	at org.eclipse.jdt.launching.JavaRuntime.getJavaProject(JavaRuntime.java:1713) ~[na:na]
	at org.eclipse.m2e.jdt.internal.launch.MavenLaunchConfigurationListener.updateLaunchConfiguration(MavenLaunchConfigurationListener.java:55) ~[na:na]
	at org.eclipse.m2e.jdt.internal.launch.MavenLaunchConfigurationListener.launchConfigurationChanged(MavenLaunchConfigurationListener.java:40) ~[na:na]
	at org.eclipse.debug.internal.core.LaunchManager$ConfigurationNotifier.run(LaunchManager.java:225) ~[na:na]
	at org.eclipse.core.runtime.SafeRunner.run(SafeRunner.java:45) ~[org.eclipse.equinox.common_3.11.0.v20200206-0817.jar:na]
	at org.eclipse.debug.internal.core.LaunchManager$ConfigurationNotifier.notify(LaunchManager.java:209) ~[na:na]
	at org.eclipse.debug.internal.core.LaunchManager.launchConfigurationChanged(LaunchManager.java:2141) ~[na:na]
	at org.eclipse.debug.internal.core.LaunchConfigurationWorkingCopy.writeNewFile(LaunchConfigurationWorkingCopy.java:375) ~[na:na]
	at org.eclipse.debug.internal.core.LaunchConfigurationWorkingCopy.doSave0(LaunchConfigurationWorkingCopy.java:258) ~[na:na]
	at org.eclipse.debug.internal.core.LaunchConfigurationWorkingCopy.doSave(LaunchConfigurationWorkingCopy.java:228) ~[na:na]
	at org.eclipse.debug.internal.core.LaunchConfigurationWorkingCopy.doSave(LaunchConfigurationWorkingCopy.java:186) ~[na:na]
	at org.eclipse.m2e.jdt.internal.launch.MavenRuntimeClasspathProvider.disable(MavenRuntimeClasspathProvider.java:452) ~[na:na]
	at org.eclipse.m2e.jdt.internal.launch.MavenRuntimeClasspathProvider.disable(MavenRuntimeClasspathProvider.java:476) ~[na:na]
	at org.eclipse.m2e.jdt.internal.launch.MavenLaunchConfigurationListener.mavenProjectChanged(MavenLaunchConfigurationListener.java:72) ~[na:na]
	at org.eclipse.m2e.core.internal.project.registry.ProjectRegistryManager.notifyProjectChangeListeners(ProjectRegistryManager.java:821) ~[na:na]
	at org.eclipse.m2e.core.internal.project.registry.ProjectRegistryManager.applyMutableProjectRegistry(ProjectRegistryManager.java:985) ~[na:na]
	at org.eclipse.m2e.core.internal.project.registry.ProjectRegistryRefreshJob.lambda$0(ProjectRegistryRefreshJob.java:149) ~[na:na]
	at org.eclipse.m2e.core.internal.embedder.MavenExecutionContext.executeBare(MavenExecutionContext.java:179) ~[na:na]
	at org.eclipse.m2e.core.internal.embedder.MavenExecutionContext.execute(MavenExecutionContext.java:153) ~[na:na]
	at org.eclipse.m2e.core.internal.embedder.MavenExecutionContext.execute(MavenExecutionContext.java:101) ~[na:na]
	at org.eclipse.m2e.core.internal.embedder.MavenImpl.execute(MavenImpl.java:1373) ~[na:na]
	at org.eclipse.m2e.core.internal.project.registry.ProjectRegistryRefreshJob.run(ProjectRegistryRefreshJob.java:84) ~[na:na]
	at org.eclipse.core.internal.jobs.Worker.run(Worker.java:63) ~[org.eclipse.core.jobs_3.10.700.v20200106-1020.jar:na]
2021-01-18 03:29:36,299 [Worker-16: Updating Maven Dependencies] ERROR o.e.m.j.i.l.MavenLaunchConfigurationListener - Launch configuration Exportador references non-existing project livraria-fx.
org.eclipse.core.runtime.CoreException: Launch configuration Exportador references non-existing project livraria-fx.
	at org.eclipse.jdt.launching.JavaRuntime.abort(JavaRuntime.java:1838) ~[na:na]
	at org.eclipse.jdt.launching.JavaRuntime.getJavaProject(JavaRuntime.java:1713) ~[na:na]
	at org.eclipse.m2e.jdt.internal.launch.MavenLaunchConfigurationListener.updateLaunchConfiguration(MavenLaunchConfigurationListener.java:55) ~[na:na]
	at org.eclipse.m2e.jdt.internal.launch.MavenLaunchConfigurationListener.launchConfigurationChanged(MavenLaunchConfigurationListener.java:40) ~[na:na]
	at org.eclipse.debug.internal.core.LaunchManager$ConfigurationNotifier.run(LaunchManager.java:225) ~[na:na]
	at org.eclipse.core.runtime.SafeRunner.run(SafeRunner.java:45) ~[org.eclipse.equinox.common_3.11.0.v20200206-0817.jar:na]
	at org.eclipse.debug.internal.core.LaunchManager$ConfigurationNotifier.notify(LaunchManager.java:209) ~[na:na]
	at org.eclipse.debug.internal.core.LaunchConfigurationWorkingCopy.setDirty(LaunchConfigurationWorkingCopy.java:522) ~[na:na]
	at org.eclipse.debug.internal.core.LaunchConfigurationWorkingCopy.setAttribute(LaunchConfigurationWorkingCopy.java:410) ~[na:na]
	at org.eclipse.m2e.jdt.internal.launch.MavenRuntimeClasspathProvider.disable(MavenRuntimeClasspathProvider.java:450) ~[na:na]
	at org.eclipse.m2e.jdt.internal.launch.MavenRuntimeClasspathProvider.disable(MavenRuntimeClasspathProvider.java:476) ~[na:na]
	at org.eclipse.m2e.jdt.internal.launch.MavenLaunchConfigurationListener.mavenProjectChanged(MavenLaunchConfigurationListener.java:72) ~[na:na]
	at org.eclipse.m2e.core.internal.project.registry.ProjectRegistryManager.notifyProjectChangeListeners(ProjectRegistryManager.java:821) ~[na:na]
	at org.eclipse.m2e.core.internal.project.registry.ProjectRegistryManager.applyMutableProjectRegistry(ProjectRegistryManager.java:985) ~[na:na]
	at org.eclipse.m2e.core.internal.project.registry.ProjectRegistryRefreshJob.lambda$0(ProjectRegistryRefreshJob.java:149) ~[na:na]
	at org.eclipse.m2e.core.internal.embedder.MavenExecutionContext.executeBare(MavenExecutionContext.java:179) ~[na:na]
	at org.eclipse.m2e.core.internal.embedder.MavenExecutionContext.execute(MavenExecutionContext.java:153) ~[na:na]
	at org.eclipse.m2e.core.internal.embedder.MavenExecutionContext.execute(MavenExecutionContext.java:101) ~[na:na]
	at org.eclipse.m2e.core.internal.embedder.MavenImpl.execute(MavenImpl.java:1373) ~[na:na]
	at org.eclipse.m2e.core.internal.project.registry.ProjectRegistryRefreshJob.run(ProjectRegistryRefreshJob.java:84) ~[na:na]
	at org.eclipse.core.internal.jobs.Worker.run(Worker.java:63) ~[org.eclipse.core.jobs_3.10.700.v20200106-1020.jar:na]
2021-01-18 03:29:36,333 [Worker-16: Updating Maven Dependencies] ERROR o.e.m.j.i.l.MavenLaunchConfigurationListener - Launch configuration Exportador references non-existing project livraria-fx.
org.eclipse.core.runtime.CoreException: Launch configuration Exportador references non-existing project livraria-fx.
	at org.eclipse.jdt.launching.JavaRuntime.abort(JavaRuntime.java:1838) ~[na:na]
	at org.eclipse.jdt.launching.JavaRuntime.getJavaProject(JavaRuntime.java:1713) ~[na:na]
	at org.eclipse.m2e.jdt.internal.launch.MavenLaunchConfigurationListener.updateLaunchConfiguration(MavenLaunchConfigurationListener.java:55) ~[na:na]
	at org.eclipse.m2e.jdt.internal.launch.MavenLaunchConfigurationListener.launchConfigurationChanged(MavenLaunchConfigurationListener.java:40) ~[na:na]
	at org.eclipse.debug.internal.core.LaunchManager$ConfigurationNotifier.run(LaunchManager.java:225) ~[na:na]
	at org.eclipse.core.runtime.SafeRunner.run(SafeRunner.java:45) ~[org.eclipse.equinox.common_3.11.0.v20200206-0817.jar:na]
	at org.eclipse.debug.internal.core.LaunchManager$ConfigurationNotifier.notify(LaunchManager.java:209) ~[na:na]
	at org.eclipse.debug.internal.core.LaunchConfigurationWorkingCopy.setDirty(LaunchConfigurationWorkingCopy.java:522) ~[na:na]
	at org.eclipse.debug.internal.core.LaunchConfigurationWorkingCopy.setAttribute(LaunchConfigurationWorkingCopy.java:410) ~[na:na]
	at org.eclipse.m2e.jdt.internal.launch.MavenRuntimeClasspathProvider.disable(MavenRuntimeClasspathProvider.java:451) ~[na:na]
	at org.eclipse.m2e.jdt.internal.launch.MavenRuntimeClasspathProvider.disable(MavenRuntimeClasspathProvider.java:476) ~[na:na]
	at org.eclipse.m2e.jdt.internal.launch.MavenLaunchConfigurationListener.mavenProjectChanged(MavenLaunchConfigurationListener.java:72) ~[na:na]
	at org.eclipse.m2e.core.internal.project.registry.ProjectRegistryManager.notifyProjectChangeListeners(ProjectRegistryManager.java:821) ~[na:na]
	at org.eclipse.m2e.core.internal.project.registry.ProjectRegistryManager.applyMutableProjectRegistry(ProjectRegistryManager.java:985) ~[na:na]
	at org.eclipse.m2e.core.internal.project.registry.ProjectRegistryRefreshJob.lambda$0(ProjectRegistryRefreshJob.java:149) ~[na:na]
	at org.eclipse.m2e.core.internal.embedder.MavenExecutionContext.executeBare(MavenExecutionContext.java:179) ~[na:na]
	at org.eclipse.m2e.core.internal.embedder.MavenExecutionContext.execute(MavenExecutionContext.java:153) ~[na:na]
	at org.eclipse.m2e.core.internal.embedder.MavenExecutionContext.execute(MavenExecutionContext.java:101) ~[na:na]
	at org.eclipse.m2e.core.internal.embedder.MavenImpl.execute(MavenImpl.java:1373) ~[na:na]
	at org.eclipse.m2e.core.internal.project.registry.ProjectRegistryRefreshJob.run(ProjectRegistryRefreshJob.java:84) ~[na:na]
	at org.eclipse.core.internal.jobs.Worker.run(Worker.java:63) ~[org.eclipse.core.jobs_3.10.700.v20200106-1020.jar:na]
2021-01-18 03:29:36,371 [Worker-16: Updating Maven Dependencies] ERROR o.e.m.j.i.l.MavenLaunchConfigurationListener - Launch configuration Exportador references non-existing project livraria-fx.
org.eclipse.core.runtime.CoreException: Launch configuration Exportador references non-existing project livraria-fx.
	at org.eclipse.jdt.launching.JavaRuntime.abort(JavaRuntime.java:1838) ~[na:na]
	at org.eclipse.jdt.launching.JavaRuntime.getJavaProject(JavaRuntime.java:1713) ~[na:na]
	at org.eclipse.m2e.jdt.internal.launch.MavenLaunchConfigurationListener.updateLaunchConfiguration(MavenLaunchConfigurationListener.java:55) ~[na:na]
	at org.eclipse.m2e.jdt.internal.launch.MavenLaunchConfigurationListener.launchConfigurationChanged(MavenLaunchConfigurationListener.java:40) ~[na:na]
	at org.eclipse.debug.internal.core.LaunchManager$ConfigurationNotifier.run(LaunchManager.java:225) ~[na:na]
	at org.eclipse.core.runtime.SafeRunner.run(SafeRunner.java:45) ~[org.eclipse.equinox.common_3.11.0.v20200206-0817.jar:na]
	at org.eclipse.debug.internal.core.LaunchManager$ConfigurationNotifier.notify(LaunchManager.java:209) ~[na:na]
	at org.eclipse.debug.internal.core.LaunchManager.launchConfigurationChanged(LaunchManager.java:2141) ~[na:na]
	at org.eclipse.debug.internal.core.LaunchConfigurationWorkingCopy.writeNewFile(LaunchConfigurationWorkingCopy.java:375) ~[na:na]
	at org.eclipse.debug.internal.core.LaunchConfigurationWorkingCopy.doSave0(LaunchConfigurationWorkingCopy.java:258) ~[na:na]
	at org.eclipse.debug.internal.core.LaunchConfigurationWorkingCopy.doSave(LaunchConfigurationWorkingCopy.java:228) ~[na:na]
	at org.eclipse.debug.internal.core.LaunchConfigurationWorkingCopy.doSave(LaunchConfigurationWorkingCopy.java:186) ~[na:na]
	at org.eclipse.m2e.jdt.internal.launch.MavenRuntimeClasspathProvider.disable(MavenRuntimeClasspathProvider.java:452) ~[na:na]
	at org.eclipse.m2e.jdt.internal.launch.MavenRuntimeClasspathProvider.disable(MavenRuntimeClasspathProvider.java:476) ~[na:na]
	at org.eclipse.m2e.jdt.internal.launch.MavenLaunchConfigurationListener.mavenProjectChanged(MavenLaunchConfigurationListener.java:72) ~[na:na]
	at org.eclipse.m2e.core.internal.project.registry.ProjectRegistryManager.notifyProjectChangeListeners(ProjectRegistryManager.java:821) ~[na:na]
	at org.eclipse.m2e.core.internal.project.registry.ProjectRegistryManager.applyMutableProjectRegistry(ProjectRegistryManager.java:985) ~[na:na]
	at org.eclipse.m2e.core.internal.project.registry.ProjectRegistryRefreshJob.lambda$0(ProjectRegistryRefreshJob.java:149) ~[na:na]
	at org.eclipse.m2e.core.internal.embedder.MavenExecutionContext.executeBare(MavenExecutionContext.java:179) ~[na:na]
	at org.eclipse.m2e.core.internal.embedder.MavenExecutionContext.execute(MavenExecutionContext.java:153) ~[na:na]
	at org.eclipse.m2e.core.internal.embedder.MavenExecutionContext.execute(MavenExecutionContext.java:101) ~[na:na]
	at org.eclipse.m2e.core.internal.embedder.MavenImpl.execute(MavenImpl.java:1373) ~[na:na]
	at org.eclipse.m2e.core.internal.project.registry.ProjectRegistryRefreshJob.run(ProjectRegistryRefreshJob.java:84) ~[na:na]
	at org.eclipse.core.internal.jobs.Worker.run(Worker.java:63) ~[org.eclipse.core.jobs_3.10.700.v20200106-1020.jar:na]
2021-01-18 03:29:36,402 [Worker-16: Updating Maven Dependencies] ERROR o.e.m.j.i.l.MavenLaunchConfigurationListener - Launch configuration Main (1) references non-existing project livraria-fx.
org.eclipse.core.runtime.CoreException: Launch configuration Main (1) references non-existing project livraria-fx.
	at org.eclipse.jdt.launching.JavaRuntime.abort(JavaRuntime.java:1838) ~[na:na]
	at org.eclipse.jdt.launching.JavaRuntime.getJavaProject(JavaRuntime.java:1713) ~[na:na]
	at org.eclipse.m2e.jdt.internal.launch.MavenLaunchConfigurationListener.updateLaunchConfiguration(MavenLaunchConfigurationListener.java:55) ~[na:na]
	at org.eclipse.m2e.jdt.internal.launch.MavenLaunchConfigurationListener.launchConfigurationChanged(MavenLaunchConfigurationListener.java:40) ~[na:na]
	at org.eclipse.debug.internal.core.LaunchManager$ConfigurationNotifier.run(LaunchManager.java:225) ~[na:na]
	at org.eclipse.core.runtime.SafeRunner.run(SafeRunner.java:45) ~[org.eclipse.equinox.common_3.11.0.v20200206-0817.jar:na]
	at org.eclipse.debug.internal.core.LaunchManager$ConfigurationNotifier.notify(LaunchManager.java:209) ~[na:na]
	at org.eclipse.debug.internal.core.LaunchConfigurationWorkingCopy.setDirty(LaunchConfigurationWorkingCopy.java:522) ~[na:na]
	at org.eclipse.debug.internal.core.LaunchConfigurationWorkingCopy.setAttribute(LaunchConfigurationWorkingCopy.java:410) ~[na:na]
	at org.eclipse.m2e.jdt.internal.launch.MavenRuntimeClasspathProvider.disable(MavenRuntimeClasspathProvider.java:450) ~[na:na]
	at org.eclipse.m2e.jdt.internal.launch.MavenRuntimeClasspathProvider.disable(MavenRuntimeClasspathProvider.java:476) ~[na:na]
	at org.eclipse.m2e.jdt.internal.launch.MavenLaunchConfigurationListener.mavenProjectChanged(MavenLaunchConfigurationListener.java:72) ~[na:na]
	at org.eclipse.m2e.core.internal.project.registry.ProjectRegistryManager.notifyProjectChangeListeners(ProjectRegistryManager.java:821) ~[na:na]
	at org.eclipse.m2e.core.internal.project.registry.ProjectRegistryManager.applyMutableProjectRegistry(ProjectRegistryManager.java:985) ~[na:na]
	at org.eclipse.m2e.core.internal.project.registry.ProjectRegistryRefreshJob.lambda$0(ProjectRegistryRefreshJob.java:149) ~[na:na]
	at org.eclipse.m2e.core.internal.embedder.MavenExecutionContext.executeBare(MavenExecutionContext.java:179) ~[na:na]
	at org.eclipse.m2e.core.internal.embedder.MavenExecutionContext.execute(MavenExecutionContext.java:153) ~[na:na]
	at org.eclipse.m2e.core.internal.embedder.MavenExecutionContext.execute(MavenExecutionContext.java:101) ~[na:na]
	at org.eclipse.m2e.core.internal.embedder.MavenImpl.execute(MavenImpl.java:1373) ~[na:na]
	at org.eclipse.m2e.core.internal.project.registry.ProjectRegistryRefreshJob.run(ProjectRegistryRefreshJob.java:84) ~[na:na]
	at org.eclipse.core.internal.jobs.Worker.run(Worker.java:63) ~[org.eclipse.core.jobs_3.10.700.v20200106-1020.jar:na]
2021-01-18 03:29:36,443 [Worker-16: Updating Maven Dependencies] ERROR o.e.m.j.i.l.MavenLaunchConfigurationListener - Launch configuration Main (1) references non-existing project livraria-fx.
org.eclipse.core.runtime.CoreException: Launch configuration Main (1) references non-existing project livraria-fx.
	at org.eclipse.jdt.launching.JavaRuntime.abort(JavaRuntime.java:1838) ~[na:na]
	at org.eclipse.jdt.launching.JavaRuntime.getJavaProject(JavaRuntime.java:1713) ~[na:na]
	at org.eclipse.m2e.jdt.internal.launch.MavenLaunchConfigurationListener.updateLaunchConfiguration(MavenLaunchConfigurationListener.java:55) ~[na:na]
	at org.eclipse.m2e.jdt.internal.launch.MavenLaunchConfigurationListener.launchConfigurationChanged(MavenLaunchConfigurationListener.java:40) ~[na:na]
	at org.eclipse.debug.internal.core.LaunchManager$ConfigurationNotifier.run(LaunchManager.java:225) ~[na:na]
	at org.eclipse.core.runtime.SafeRunner.run(SafeRunner.java:45) ~[org.eclipse.equinox.common_3.11.0.v20200206-0817.jar:na]
	at org.eclipse.debug.internal.core.LaunchManager$ConfigurationNotifier.notify(LaunchManager.java:209) ~[na:na]
	at org.eclipse.debug.internal.core.LaunchConfigurationWorkingCopy.setDirty(LaunchConfigurationWorkingCopy.java:522) ~[na:na]
	at org.eclipse.debug.internal.core.LaunchConfigurationWorkingCopy.setAttribute(LaunchConfigurationWorkingCopy.java:410) ~[na:na]
	at org.eclipse.m2e.jdt.internal.launch.MavenRuntimeClasspathProvider.disable(MavenRuntimeClasspathProvider.java:451) ~[na:na]
	at org.eclipse.m2e.jdt.internal.launch.MavenRuntimeClasspathProvider.disable(MavenRuntimeClasspathProvider.java:476) ~[na:na]
	at org.eclipse.m2e.jdt.internal.launch.MavenLaunchConfigurationListener.mavenProjectChanged(MavenLaunchConfigurationListener.java:72) ~[na:na]
	at org.eclipse.m2e.core.internal.project.registry.ProjectRegistryManager.notifyProjectChangeListeners(ProjectRegistryManager.java:821) ~[na:na]
	at org.eclipse.m2e.core.internal.project.registry.ProjectRegistryManager.applyMutableProjectRegistry(ProjectRegistryManager.java:985) ~[na:na]
	at org.eclipse.m2e.core.internal.project.registry.ProjectRegistryRefreshJob.lambda$0(ProjectRegistryRefreshJob.java:149) ~[na:na]
	at org.eclipse.m2e.core.internal.embedder.MavenExecutionContext.executeBare(MavenExecutionContext.java:179) ~[na:na]
	at org.eclipse.m2e.core.internal.embedder.MavenExecutionContext.execute(MavenExecutionContext.java:153) ~[na:na]
	at org.eclipse.m2e.core.internal.embedder.MavenExecutionContext.execute(MavenExecutionContext.java:101) ~[na:na]
	at org.eclipse.m2e.core.internal.embedder.MavenImpl.execute(MavenImpl.java:1373) ~[na:na]
	at org.eclipse.m2e.core.internal.project.registry.ProjectRegistryRefreshJob.run(ProjectRegistryRefreshJob.java:84) ~[na:na]
	at org.eclipse.core.internal.jobs.Worker.run(Worker.java:63) ~[org.eclipse.core.jobs_3.10.700.v20200106-1020.jar:na]
2021-01-18 03:29:36,495 [Worker-16: Updating Maven Dependencies] ERROR o.e.m.j.i.l.MavenLaunchConfigurationListener - Launch configuration Main (1) references non-existing project livraria-fx.
org.eclipse.core.runtime.CoreException: Launch configuration Main (1) references non-existing project livraria-fx.
	at org.eclipse.jdt.launching.JavaRuntime.abort(JavaRuntime.java:1838) ~[na:na]
	at org.eclipse.jdt.launching.JavaRuntime.getJavaProject(JavaRuntime.java:1713) ~[na:na]
	at org.eclipse.m2e.jdt.internal.launch.MavenLaunchConfigurationListener.updateLaunchConfiguration(MavenLaunchConfigurationListener.java:55) ~[na:na]
	at org.eclipse.m2e.jdt.internal.launch.MavenLaunchConfigurationListener.launchConfigurationChanged(MavenLaunchConfigurationListener.java:40) ~[na:na]
	at org.eclipse.debug.internal.core.LaunchManager$ConfigurationNotifier.run(LaunchManager.java:225) ~[na:na]
	at org.eclipse.core.runtime.SafeRunner.run(SafeRunner.java:45) ~[org.eclipse.equinox.common_3.11.0.v20200206-0817.jar:na]
	at org.eclipse.debug.internal.core.LaunchManager$ConfigurationNotifier.notify(LaunchManager.java:209) ~[na:na]
	at org.eclipse.debug.internal.core.LaunchManager.launchConfigurationChanged(LaunchManager.java:2141) ~[na:na]
	at org.eclipse.debug.internal.core.LaunchConfigurationWorkingCopy.writeNewFile(LaunchConfigurationWorkingCopy.java:375) ~[na:na]
	at org.eclipse.debug.internal.core.LaunchConfigurationWorkingCopy.doSave0(LaunchConfigurationWorkingCopy.java:258) ~[na:na]
	at org.eclipse.debug.internal.core.LaunchConfigurationWorkingCopy.doSave(LaunchConfigurationWorkingCopy.java:228) ~[na:na]
	at org.eclipse.debug.internal.core.LaunchConfigurationWorkingCopy.doSave(LaunchConfigurationWorkingCopy.java:186) ~[na:na]
	at org.eclipse.m2e.jdt.internal.launch.MavenRuntimeClasspathProvider.disable(MavenRuntimeClasspathProvider.java:452) ~[na:na]
	at org.eclipse.m2e.jdt.internal.launch.MavenRuntimeClasspathProvider.disable(MavenRuntimeClasspathProvider.java:476) ~[na:na]
	at org.eclipse.m2e.jdt.internal.launch.MavenLaunchConfigurationListener.mavenProjectChanged(MavenLaunchConfigurationListener.java:72) ~[na:na]
	at org.eclipse.m2e.core.internal.project.registry.ProjectRegistryManager.notifyProjectChangeListeners(ProjectRegistryManager.java:821) ~[na:na]
	at org.eclipse.m2e.core.internal.project.registry.ProjectRegistryManager.applyMutableProjectRegistry(ProjectRegistryManager.java:985) ~[na:na]
	at org.eclipse.m2e.core.internal.project.registry.ProjectRegistryRefreshJob.lambda$0(ProjectRegistryRefreshJob.java:149) ~[na:na]
	at org.eclipse.m2e.core.internal.embedder.MavenExecutionContext.executeBare(MavenExecutionContext.java:179) ~[na:na]
	at org.eclipse.m2e.core.internal.embedder.MavenExecutionContext.execute(MavenExecutionContext.java:153) ~[na:na]
	at org.eclipse.m2e.core.internal.embedder.MavenExecutionContext.execute(MavenExecutionContext.java:101) ~[na:na]
	at org.eclipse.m2e.core.internal.embedder.MavenImpl.execute(MavenImpl.java:1373) ~[na:na]
	at org.eclipse.m2e.core.internal.project.registry.ProjectRegistryRefreshJob.run(ProjectRegistryRefreshJob.java:84) ~[na:na]
	at org.eclipse.core.internal.jobs.Worker.run(Worker.java:63) ~[org.eclipse.core.jobs_3.10.700.v20200106-1020.jar:na]
2021-01-18 03:30:20,453 [Worker-19: Building] INFO  o.e.m.c.i.l.LifecycleMappingFactory - Using org.eclipse.m2e.jdt.JarLifecycleMapping lifecycle mapping for MavenProject: br.com.caelum:livraria-base:0.0.1-SNAPSHOT @ C:\Users\Sandro\Documents\Cursos_Java\APIsBibliotecaJava\APIs_Bibliotecas_Java-main\arquivos-do-livro\livraria-base\pom.xml.
2021-01-18 03:30:21,759 [Worker-19: Building] INFO  o.e.m.c.i.embedder.EclipseLogger - Using 'UTF-8' encoding to copy filtered resources.
2021-01-18 03:30:21,759 [Worker-19: Building] INFO  o.e.m.c.i.embedder.EclipseLogger - skip non existing resourceDirectory C:\Users\Sandro\Documents\Cursos_Java\APIsBibliotecaJava\APIs_Bibliotecas_Java-main\arquivos-do-livro\livraria-base\src\main\resources
2021-01-18 03:30:21,763 [Worker-19: Building] INFO  o.e.m.c.i.embedder.EclipseLogger - Using 'UTF-8' encoding to copy filtered resources.
2021-01-18 03:30:21,763 [Worker-19: Building] INFO  o.e.m.c.i.embedder.EclipseLogger - skip non existing resourceDirectory C:\Users\Sandro\Documents\Cursos_Java\APIsBibliotecaJava\APIs_Bibliotecas_Java-main\arquivos-do-livro\livraria-base\src\test\resources
